#
# A fatal error has been detected by the Java Runtime Environment:
#
#  SIGSEGV (0xb) at pc=0x00007f0bc34b072e, pid=2251, tid=0x00007f0bc1ce2700
#
# JRE version: OpenJDK Runtime Environment (8.0_242) (build 1.8.0_242-release-1644-b3-6222593)
# Java VM: OpenJDK 64-Bit Server VM (25.242-b3-6222593 mixed mode linux-amd64 compressed oops)
# Problematic frame:
# V  [libjvm.so+0x85e72e]  ObjArrayKlass::oop_follow_contents(ParCompactionManager*, oopDesc*)+0x2de
#
# Failed to write core dump. Core dumps have been disabled. To enable core dumping, try "ulimit -c unlimited" before starting Java again
#
# If you would like to submit a bug report, please visit:
#   http://bugreport.java.com/bugreport/crash.jsp
#

---------------  T H R E A D  ---------------

Current thread (0x00007f0bbc023000):  GCTaskThread [stack: 0x00007f0bc1be3000,0x00007f0bc1ce3000] [id=2256]

siginfo: si_signo: 11 (SIGSEGV), si_code: 128 (SI_KERNEL), si_addr: 0x0000000000000000

Registers:
RAX=0x0000000000000000, RBX=0x00007f0bbc074bb0, RCX=0x0000000000000000, RDX=0x0000000000000001
RSP=0x00007f0bc1ce1c60, RBP=0x00007f0bc1ce1cd0, RSI=0x00007f0ba4000000, RDI=0x007fffffffc04000
R8 =0x0000000000800000, R9 =0x000000000000000f, R10=0x00007f0bc39677e0, R11=0x0000000000000058
R12=0x0000000000800000, R13=0x00000000804458e0, R14=0x0000000080445918, R15=0x0000000080445948
RIP=0x00007f0bc34b072e, EFLAGS=0x0000000000010206, CSGSFS=0x002b000000000033, ERR=0x0000000000000000
  TRAPNO=0x000000000000000d

Top of Stack: (sp=0x00007f0bc1ce1c60)
0x00007f0bc1ce1c60:   00000000807fe638 00007f0bbc074bf0
0x00007f0bc1ce1c70:   0000000000000016 0000000000000016
0x00007f0bc1ce1c80:   0000006800000050 0000000000000003
0x00007f0bc1ce1c90:   00007f0bc1ce1cd0 00007f0bc30f8d20
0x00007f0bc1ce1ca0:   00007f0bbc027500 00007f0bbc074bb0
0x00007f0bc1ce1cb0:   00007f0bbc074880 0000000000000002
0x00007f0bc1ce1cc0:   00007f0bc1ce1d4c 00007f0bc1ce1d50
0x00007f0bc1ce1cd0:   00007f0bc1ce1da0 00007f0bc350cbe6
0x00007f0bc1ce1ce0:   00007f0bc1ce1d50 00007f0bc1ce1d4c
0x00007f0bc1ce1cf0:   00000002c391b9d0 00007f0bbc074bf0
0x00007f0bc1ce1d00:   0000000000002000 0000000000000004
0x00007f0bc1ce1d10:   0000000000000600 00007f0bc395cc24
0x00007f0bc1ce1d20:   00007f0bc1ce1d60 00007f0bc1ce1d50
0x00007f0bc1ce1d30:   00007f0b7c001720 00007f0bbc074bb0
0x00007f0bc1ce1d40:   0000000000000002 4e5818f3bc01f3e0
0x00007f0bc1ce1d50:   00000000804458e0 00007f0bc348b87b
0x00007f0bc1ce1d60:   00000000805c2940 00007f0b00000400
0x00007f0bc1ce1d70:   00007f0bc1ce1da0 0000000000000001
0x00007f0bc1ce1d80:   00007f0b7c001720 00007f0bc36b2a84
0x00007f0bc1ce1d90:   00007f0bbc023000 00007f0bc395c9a8
0x00007f0bc1ce1da0:   00007f0bc1ce1eb0 00007f0bc31f6a22
0x00007f0bc1ce1db0:   00000000000003d8 00007f0bbc023ce8
0x00007f0bc1ce1dc0:   00007f0bbc023910 00007f0bc1ce1e40
0x00007f0bc1ce1dd0:   00007f0bbc0238c0 00007f0bbc023900
0x00007f0bc1ce1de0:   00007f0bc1ce1df0 0000000000000000
0x00007f0bc1ce1df0:   0000000000000000 00007f0bbc024400
0x00007f0bc1ce1e00:   00007f0bbc023000 00007f0bbc023cf0
0x00007f0bc1ce1e10:   00007f0bbc023d30 00007f0bbc023d40
0x00007f0bc1ce1e20:   00007f0bbc023e18 00000000000000d8
0x00007f0bc1ce1e30:   00007f0bbc023f50 00007f0bbc0248c0
0x00007f0bc1ce1e40:   00007f0bbc023000 00007f0bbc023cf0
0x00007f0bc1ce1e50:   00007f0bbc023d30 00007f0bbc023d40 

Instructions: (pc=0x00007f0bc34b072e)
0x00007f0bc34b070e:   00 00 00 4c 89 e0 49 2b 02 48 c1 e8 03 48 d3 e8
0x00007f0bc34b071e:   48 89 c7 83 e0 3f 48 c1 ef 06 48 89 c1 48 d3 e2
0x00007f0bc34b072e:   48 85 14 fe 75 9c 48 8b 05 b5 14 47 00 80 38 00
0x00007f0bc34b073e:   0f 85 7c 02 00 00 49 8b 74 24 08 4c 89 e7 4c 89 

Register to memory mapping:

RAX=0x0000000000000000 is an unknown value
RBX=0x00007f0bbc074bb0 is an unknown value
RCX=0x0000000000000000 is an unknown value
RDX=0x0000000000000001 is an unknown value
RSP=0x00007f0bc1ce1c60 is an unknown value
RBP=0x00007f0bc1ce1cd0 is an unknown value
RSI=0x00007f0ba4000000 is an unknown value
RDI=0x007fffffffc04000 is an unknown value
R8 =0x0000000000800000 is an unknown value
R9 =0x000000000000000f is an unknown value
R10=0x00007f0bc39677e0: <offset 0xd157e0> in /home/cesar/Programs/android-studio/jre/jre/lib/amd64/server/libjvm.so at 0x00007f0bc2c52000
R11=0x0000000000000058 is an unknown value
R12=0x0000000000800000 is an unknown value
R13=0x00000000804458e0 is an oop
[Ljava.lang.Object; 
 - klass: 'java/lang/Object'[]
 - length: 22
R14=0x0000000080445918 is pointing into object: 0x00000000804458e0
[Ljava.lang.Object; 
 - klass: 'java/lang/Object'[]
 - length: 22
R15=0x0000000080445948 is an oop
[Ljava.lang.Object; 
 - klass: 'java/lang/Object'[]
 - length: 19


Stack: [0x00007f0bc1be3000,0x00007f0bc1ce3000],  sp=0x00007f0bc1ce1c60,  free space=1019k
Native frames: (J=compiled Java code, j=interpreted, Vv=VM code, C=native code)
V  [libjvm.so+0x85e72e]  ObjArrayKlass::oop_follow_contents(ParCompactionManager*, oopDesc*)+0x2de
V  [libjvm.so+0x8babe6]  StealMarkingTask::do_it(GCTaskManager*, unsigned int)+0x2d6
V  [libjvm.so+0x5a4a22]  GCTaskThread::run()+0x162
V  [libjvm.so+0x8760c2]  java_start(Thread*)+0xf2


---------------  P R O C E S S  ---------------

Java Threads: ( => current thread )
  0x00007f0b4c67a000 JavaThread "jar transforms Thread 20" [_thread_blocked, id=2305, stack(0x00007f0b65828000,0x00007f0b65929000)]
  0x00007f0b4c678800 JavaThread "jar transforms Thread 19" [_thread_blocked, id=2304, stack(0x00007f0b65929000,0x00007f0b65a2a000)]
  0x00007f0b4c676800 JavaThread "jar transforms Thread 18" [_thread_blocked, id=2303, stack(0x00007f0b65a2a000,0x00007f0b65b2b000)]
  0x00007f0b4c675000 JavaThread "jar transforms Thread 17" [_thread_blocked, id=2302, stack(0x00007f0b65b2b000,0x00007f0b65c2c000)]
  0x00007f0b4c5cd800 JavaThread "jar transforms Thread 16" [_thread_blocked, id=2301, stack(0x00007f0b65c2c000,0x00007f0b65d2d000)]
  0x00007f0b4c5cb800 JavaThread "jar transforms Thread 15" [_thread_blocked, id=2300, stack(0x00007f0b65d2d000,0x00007f0b65e2e000)]
  0x00007f0b4c5ca000 JavaThread "jar transforms Thread 14" [_thread_blocked, id=2299, stack(0x00007f0b65e2e000,0x00007f0b65f2f000)]
  0x00007f0b4c5c8000 JavaThread "jar transforms Thread 13" [_thread_blocked, id=2298, stack(0x00007f0b65f2f000,0x00007f0b66030000)]
  0x00007f0b4c5b3000 JavaThread "jar transforms Thread 12" [_thread_blocked, id=2297, stack(0x00007f0b66030000,0x00007f0b66131000)]
  0x00007f0b4c5b1000 JavaThread "jar transforms Thread 11" [_thread_blocked, id=2296, stack(0x00007f0b66131000,0x00007f0b66232000)]
  0x00007f0b4c5af800 JavaThread "jar transforms Thread 10" [_thread_blocked, id=2295, stack(0x00007f0b66232000,0x00007f0b66333000)]
  0x00007f0b4c5ad800 JavaThread "jar transforms Thread 9" [_thread_blocked, id=2294, stack(0x00007f0b66333000,0x00007f0b66434000)]
  0x00007f0b4c5ac000 JavaThread "jar transforms Thread 8" [_thread_blocked, id=2293, stack(0x00007f0b66434000,0x00007f0b66535000)]
  0x00007f0b4c202800 JavaThread "jar transforms Thread 7" [_thread_blocked, id=2292, stack(0x00007f0b66535000,0x00007f0b66636000)]
  0x00007f0b4c200800 JavaThread "jar transforms Thread 6" [_thread_blocked, id=2291, stack(0x00007f0b66636000,0x00007f0b66737000)]
  0x00007f0b4c1ff000 JavaThread "jar transforms Thread 5" [_thread_blocked, id=2290, stack(0x00007f0b66737000,0x00007f0b66838000)]
  0x00007f0b4c1fc800 JavaThread "jar transforms Thread 4" [_thread_blocked, id=2289, stack(0x00007f0b66838000,0x00007f0b66939000)]
  0x00007f0b4c1fb800 JavaThread "jar transforms Thread 3" [_thread_blocked, id=2288, stack(0x00007f0b66939000,0x00007f0b66a3a000)]
  0x00007f0b4c5c1800 JavaThread "jar transforms Thread 2" [_thread_blocked, id=2287, stack(0x00007f0b66a3a000,0x00007f0b66b3b000)]
  0x00007f0b4c9fe000 JavaThread "jar transforms" [_thread_blocked, id=2286, stack(0x00007f0b66b3b000,0x00007f0b66c3c000)]
  0x00007f0b4c97b800 JavaThread "Cache worker for file hash cache (/home/cesar/AndroidStudioProjects/PBScanPet-K/.gradle/6.5/fileHashes)" [_thread_blocked, id=2285, stack(0x00007f0b66c3c000,0x00007f0b66d3d000)]
  0x00007f0b4c2b7000 JavaThread "Cache worker for file hash cache (/home/cesar/.gradle/caches/6.5/fileHashes)" [_thread_blocked, id=2284, stack(0x00007f0b671f6000,0x00007f0b672f7000)]
  0x00007f0b4c175800 JavaThread "File lock request listener" [_thread_in_native, id=2283, stack(0x00007f0b672f7000,0x00007f0b673f8000)]
  0x00007f0b4c16f800 JavaThread "Cache worker for journal cache (/home/cesar/.gradle/caches/journal-1)" [_thread_blocked, id=2282, stack(0x00007f0b673f8000,0x00007f0b674f9000)]
  0x00007f0b4c01b000 JavaThread "Thread-9" [_thread_blocked, id=2281, stack(0x00007f0b676f9000,0x00007f0b677fa000)]
  0x00007f0b4c00a000 JavaThread "Stdin handler" [_thread_blocked, id=2280, stack(0x00007f0b677fa000,0x00007f0b678fb000)]
  0x00007f0b4c008800 JavaThread "Asynchronous log dispatcher for DefaultDaemonConnection: socket connection from /127.0.0.1:43067 to /127.0.0.1:45008" [_thread_blocked, id=2279, stack(0x00007f0b678fb000,0x00007f0b679fc000)]
  0x00007f0b5c009000 JavaThread "Daemon worker" [_thread_blocked, id=2276, stack(0x00007f0b679fc000,0x00007f0b67afd000)]
  0x00007f0b5c007000 JavaThread "Cancel handler" [_thread_blocked, id=2275, stack(0x00007f0b67afd000,0x00007f0b67bfe000)]
  0x00007f0b5c004000 JavaThread "Handler for socket connection from /127.0.0.1:43067 to /127.0.0.1:45008" [_thread_in_native, id=2274, stack(0x00007f0b67dfe000,0x00007f0b67eff000)]
  0x00007f0b6c02b000 JavaThread "Daemon" [_thread_blocked, id=2273, stack(0x00007f0b67eff000,0x00007f0b68000000)]
  0x00007f0bbd285800 JavaThread "Daemon periodic checks" [_thread_blocked, id=2272, stack(0x00007f0b9c060000,0x00007f0b9c161000)]
  0x00007f0bbc254800 JavaThread "Incoming local TCP Connector on port 43067" [_thread_in_native, id=2271, stack(0x00007f0b9c168000,0x00007f0b9c269000)]
  0x00007f0bbc54e800 JavaThread "Daemon health stats" [_thread_blocked, id=2270, stack(0x00007f0b9c26e000,0x00007f0b9c36f000)]
  0x00007f0bbc0c8800 JavaThread "Service Thread" daemon [_thread_blocked, id=2266, stack(0x00007f0bac00e000,0x00007f0bac10f000)]
  0x00007f0bbc0bd000 JavaThread "C1 CompilerThread2" daemon [_thread_blocked, id=2265, stack(0x00007f0bac110000,0x00007f0bac210000)]
  0x00007f0bbc0bb800 JavaThread "C2 CompilerThread1" daemon [_thread_blocked, id=2264, stack(0x00007f0bac211000,0x00007f0bac311000)]
  0x00007f0bbc0b8800 JavaThread "C2 CompilerThread0" daemon [_thread_blocked, id=2263, stack(0x00007f0bac312000,0x00007f0bac412000)]
  0x00007f0bbc0b6800 JavaThread "Signal Dispatcher" daemon [_thread_blocked, id=2262, stack(0x00007f0bac412000,0x00007f0bac513000)]
  0x00007f0bbc086000 JavaThread "Finalizer" daemon [_thread_blocked, id=2261, stack(0x00007f0bac7f8000,0x00007f0bac8f9000)]
  0x00007f0bbc081800 JavaThread "Reference Handler" daemon [_thread_blocked, id=2260, stack(0x00007f0bac8f9000,0x00007f0bac9fa000)]
  0x00007f0bbc00b000 JavaThread "main" [_thread_blocked, id=2252, stack(0x00007f0bc29cf000,0x00007f0bc2acf000)]

Other Threads:
  0x00007f0bbc078000 VMThread [stack: 0x00007f0bac9fb000,0x00007f0bacafb000] [id=2259]
  0x00007f0bbc0cb000 WatcherThread [stack: 0x00007f0b9ff00000,0x00007f0ba0000000] [id=2267]

=>0x00007f0bbc023000 (exited) GCTaskThread [stack: 0x00007f0bc1be3000,0x00007f0bc1ce3000] [id=2256]

VM state:at safepoint (normal execution)

VM Mutex/Monitor currently owned by a thread:  ([mutex/lock_event])
[0x00007f0bbc007fe0] Threads_lock - owner thread: 0x00007f0bbc078000
[0x00007f0bbc0084e0] Heap_lock - owner thread: 0x00007f0b5c009000

heap address: 0x0000000080000000, size: 2048 MB, Compressed Oops mode: 32-bit
Narrow klass base: 0x0000000000000000, Narrow klass shift: 3
Compressed class space size: 1073741824 Address: 0x0000000100000000

Heap:
 PSYoungGen      total 138240K, used 5216K [0x00000000d5580000, 0x00000000de880000, 0x0000000100000000)
  eden space 126976K, 0% used [0x00000000d5580000,0x00000000d5580000,0x00000000dd180000)
  from space 11264K, 46% used [0x00000000ddd80000,0x00000000de298050,0x00000000de880000)
  to   space 11776K, 0% used [0x00000000dd180000,0x00000000dd180000,0x00000000ddd00000)
 ParOldGen       total 84992K, used 10336K [0x0000000080000000, 0x0000000085300000, 0x00000000d5580000)
  object space 84992K, 12% used [0x0000000080000000,0x0000000080a18320,0x0000000085300000)
 Metaspace       used 20476K, capacity 21254K, committed 21296K, reserved 1067008K
  class space    used 2858K, capacity 3085K, committed 3120K, reserved 1048576K

Card table byte_map: [0x00007f0bc2190000,0x00007f0bc2591000] byte_map_base: 0x00007f0bc1d90000

Marking Bits: (ParMarkBitMap*) 0x00007f0bc39677e0
 Begin Bits: [0x00007f0ba4000000, 0x00007f0ba6000000)
 End Bits:   [0x00007f0ba6000000, 0x00007f0ba8000000)

Polling page: 0x00007f0bc3b9c000

CodeCache: size=245760Kb used=6266Kb max_used=6281Kb free=239493Kb
 bounds [0x00007f0bad000000, 0x00007f0bad630000, 0x00007f0bbc000000]
 total_blobs=2307 nmethods=1892 adapters=329
 compilation: enabled

Compilation events (10 events):
Event: 7.700 Thread 0x00007f0bbc0bd000 1891       3       java.lang.Class::getDeclaredMethod (67 bytes)
Event: 7.701 Thread 0x00007f0bbc0bd000 nmethod 1891 0x00007f0bad61e7d0 code [0x00007f0bad61ea40, 0x00007f0bad61f6f8]
Event: 7.702 Thread 0x00007f0bbc0bd000 1892       3       sun.security.provider.SHA::implCompress (13 bytes)
Event: 7.703 Thread 0x00007f0bbc0bd000 nmethod 1892 0x00007f0bad61fcd0 code [0x00007f0bad61fe80, 0x00007f0bad620208]
Event: 7.703 Thread 0x00007f0bbc0bd000 1894       3       java.lang.reflect.Constructor::copy (72 bytes)
Event: 7.703 Thread 0x00007f0bbc0bd000 nmethod 1894 0x00007f0bad620410 code [0x00007f0bad6205a0, 0x00007f0bad6208f8]
Event: 7.703 Thread 0x00007f0bbc0bd000 1893       3       sun.security.provider.SHA::implCompressCheck (15 bytes)
Event: 7.703 Thread 0x00007f0bbc0bd000 nmethod 1893 0x00007f0bad620a10 code [0x00007f0bad620ba0, 0x00007f0bad620e78]
Event: 7.703 Thread 0x00007f0bbc0b8800 1895   !   4       java.lang.ClassLoader::loadClass (122 bytes)
Event: 7.719 Thread 0x00007f0bbc0b8800 nmethod 1895 0x00007f0bad624c90 code [0x00007f0bad624ec0, 0x00007f0bad625f28]

GC Heap History (10 events):
Event: 1.146 GC heap after
Heap after GC invocations=2 (full 0):
 PSYoungGen      total 36864K, used 3761K [0x00000000d5580000, 0x00000000d9d80000, 0x0000000100000000)
  eden space 31744K, 0% used [0x00000000d5580000,0x00000000d5580000,0x00000000d7480000)
  from space 5120K, 73% used [0x00000000d7980000,0x00000000d7d2c5f8,0x00000000d7e80000)
  to   space 5120K, 0% used [0x00000000d7480000,0x00000000d7480000,0x00000000d7980000)
 ParOldGen       total 84992K, used 24K [0x0000000080000000, 0x0000000085300000, 0x00000000d5580000)
  object space 84992K, 0% used [0x0000000080000000,0x0000000080006000,0x0000000085300000)
 Metaspace       used 7680K, capacity 7950K, committed 8064K, reserved 1056768K
  class space    used 983K, capacity 1077K, committed 1152K, reserved 1048576K
}
Event: 2.935 GC heap before
{Heap before GC invocations=3 (full 0):
 PSYoungGen      total 36864K, used 35505K [0x00000000d5580000, 0x00000000d9d80000, 0x0000000100000000)
  eden space 31744K, 100% used [0x00000000d5580000,0x00000000d7480000,0x00000000d7480000)
  from space 5120K, 73% used [0x00000000d7980000,0x00000000d7d2c5f8,0x00000000d7e80000)
  to   space 5120K, 0% used [0x00000000d7480000,0x00000000d7480000,0x00000000d7980000)
 ParOldGen       total 84992K, used 24K [0x0000000080000000, 0x0000000085300000, 0x00000000d5580000)
  object space 84992K, 0% used [0x0000000080000000,0x0000000080006000,0x0000000085300000)
 Metaspace       used 12533K, capacity 13012K, committed 13184K, reserved 1060864K
  class space    used 1715K, capacity 1860K, committed 1920K, reserved 1048576K
Event: 2.941 GC heap after
Heap after GC invocations=3 (full 0):
 PSYoungGen      total 36864K, used 5088K [0x00000000d5580000, 0x00000000d9d80000, 0x0000000100000000)
  eden space 31744K, 0% used [0x00000000d5580000,0x00000000d5580000,0x00000000d7480000)
  from space 5120K, 99% used [0x00000000d7480000,0x00000000d7978030,0x00000000d7980000)
  to   space 5120K, 0% used [0x00000000d9880000,0x00000000d9880000,0x00000000d9d80000)
 ParOldGen       total 84992K, used 1637K [0x0000000080000000, 0x0000000085300000, 0x00000000d5580000)
  object space 84992K, 1% used [0x0000000080000000,0x00000000801994b0,0x0000000085300000)
 Metaspace       used 12533K, capacity 13012K, committed 13184K, reserved 1060864K
  class space    used 1715K, capacity 1860K, committed 1920K, reserved 1048576K
}
Event: 3.692 GC heap before
{Heap before GC invocations=4 (full 0):
 PSYoungGen      total 36864K, used 36832K [0x00000000d5580000, 0x00000000d9d80000, 0x0000000100000000)
  eden space 31744K, 100% used [0x00000000d5580000,0x00000000d7480000,0x00000000d7480000)
  from space 5120K, 99% used [0x00000000d7480000,0x00000000d7978030,0x00000000d7980000)
  to   space 5120K, 0% used [0x00000000d9880000,0x00000000d9880000,0x00000000d9d80000)
 ParOldGen       total 84992K, used 1637K [0x0000000080000000, 0x0000000085300000, 0x00000000d5580000)
  object space 84992K, 1% used [0x0000000080000000,0x00000000801994b0,0x0000000085300000)
 Metaspace       used 16151K, capacity 16788K, committed 17024K, reserved 1064960K
  class space    used 2155K, capacity 2346K, committed 2432K, reserved 1048576K
Event: 3.703 GC heap after
Heap after GC invocations=4 (full 0):
 PSYoungGen      total 68608K, used 5088K [0x00000000d5580000, 0x00000000d9d80000, 0x0000000100000000)
  eden space 63488K, 0% used [0x00000000d5580000,0x00000000d5580000,0x00000000d9380000)
  from space 5120K, 99% used [0x00000000d9880000,0x00000000d9d78030,0x00000000d9d80000)
  to   space 5120K, 0% used [0x00000000d9380000,0x00000000d9380000,0x00000000d9880000)
 ParOldGen       total 84992K, used 4343K [0x0000000080000000, 0x0000000085300000, 0x00000000d5580000)
  object space 84992K, 5% used [0x0000000080000000,0x000000008043df08,0x0000000085300000)
 Metaspace       used 16151K, capacity 16788K, committed 17024K, reserved 1064960K
  class space    used 2155K, capacity 2346K, committed 2432K, reserved 1048576K
}
Event: 7.477 GC heap before
{Heap before GC invocations=5 (full 0):
 PSYoungGen      total 68608K, used 68576K [0x00000000d5580000, 0x00000000d9d80000, 0x0000000100000000)
  eden space 63488K, 100% used [0x00000000d5580000,0x00000000d9380000,0x00000000d9380000)
  from space 5120K, 99% used [0x00000000d9880000,0x00000000d9d78030,0x00000000d9d80000)
  to   space 5120K, 0% used [0x00000000d9380000,0x00000000d9380000,0x00000000d9880000)
 ParOldGen       total 84992K, used 4343K [0x0000000080000000, 0x0000000085300000, 0x00000000d5580000)
  object space 84992K, 5% used [0x0000000080000000,0x000000008043df08,0x0000000085300000)
 Metaspace       used 20370K, capacity 21132K, committed 21248K, reserved 1067008K
  class space    used 2844K, capacity 3046K, committed 3072K, reserved 1048576K
Event: 7.494 GC heap after
Heap after GC invocations=5 (full 0):
 PSYoungGen      total 68608K, used 5088K [0x00000000d5580000, 0x00000000de980000, 0x0000000100000000)
  eden space 63488K, 0% used [0x00000000d5580000,0x00000000d5580000,0x00000000d9380000)
  from space 5120K, 99% used [0x00000000d9380000,0x00000000d9878050,0x00000000d9880000)
  to   space 12288K, 0% used [0x00000000ddd80000,0x00000000ddd80000,0x00000000de980000)
 ParOldGen       total 84992K, used 10336K [0x0000000080000000, 0x0000000085300000, 0x00000000d5580000)
  object space 84992K, 12% used [0x0000000080000000,0x0000000080a18320,0x0000000085300000)
 Metaspace       used 20370K, capacity 21132K, committed 21248K, reserved 1067008K
  class space    used 2844K, capacity 3046K, committed 3072K, reserved 1048576K
}
Event: 7.731 GC heap before
{Heap before GC invocations=6 (full 0):
 PSYoungGen      total 68608K, used 7334K [0x00000000d5580000, 0x00000000de980000, 0x0000000100000000)
  eden space 63488K, 3% used [0x00000000d5580000,0x00000000d57b19f8,0x00000000d9380000)
  from space 5120K, 99% used [0x00000000d9380000,0x00000000d9878050,0x00000000d9880000)
  to   space 12288K, 0% used [0x00000000ddd80000,0x00000000ddd80000,0x00000000de980000)
 ParOldGen       total 84992K, used 10336K [0x0000000080000000, 0x0000000085300000, 0x00000000d5580000)
  object space 84992K, 12% used [0x0000000080000000,0x0000000080a18320,0x0000000085300000)
 Metaspace       used 20476K, capacity 21254K, committed 21296K, reserved 1067008K
  class space    used 2858K, capacity 3085K, committed 3120K, reserved 1048576K
Event: 7.741 GC heap after
Heap after GC invocations=6 (full 0):
 PSYoungGen      total 138240K, used 5216K [0x00000000d5580000, 0x00000000de880000, 0x0000000100000000)
  eden space 126976K, 0% used [0x00000000d5580000,0x00000000d5580000,0x00000000dd180000)
  from space 11264K, 46% used [0x00000000ddd80000,0x00000000de298050,0x00000000de880000)
  to   space 11776K, 0% used [0x00000000dd180000,0x00000000dd180000,0x00000000ddd00000)
 ParOldGen       total 84992K, used 10336K [0x0000000080000000, 0x0000000085300000, 0x00000000d5580000)
  object space 84992K, 12% used [0x0000000080000000,0x0000000080a18320,0x0000000085300000)
 Metaspace       used 20476K, capacity 21254K, committed 21296K, reserved 1067008K
  class space    used 2858K, capacity 3085K, committed 3120K, reserved 1048576K
}
Event: 7.741 GC heap before
{Heap before GC invocations=7 (full 1):
 PSYoungGen      total 138240K, used 5216K [0x00000000d5580000, 0x00000000de880000, 0x0000000100000000)
  eden space 126976K, 0% used [0x00000000d5580000,0x00000000d5580000,0x00000000dd180000)
  from space 11264K, 46% used [0x00000000ddd80000,0x00000000de298050,0x00000000de880000)
  to   space 11776K, 0% used [0x00000000dd180000,0x00000000dd180000,0x00000000ddd00000)
 ParOldGen       total 84992K, used 10336K [0x0000000080000000, 0x0000000085300000, 0x00000000d5580000)
  object space 84992K, 12% used [0x0000000080000000,0x0000000080a18320,0x0000000085300000)
 Metaspace       used 20476K, capacity 21254K, committed 21296K, reserved 1067008K
  class space    used 2858K, capacity 3085K, committed 3120K, reserved 1048576K

Deoptimization events (10 events):
Event: 7.210 Thread 0x00007f0b5c009000 Uncommon trap: reason=bimorphic action=maybe_recompile pc=0x00007f0bad486434 method=java.lang.ClassLoader.loadClass(Ljava/lang/String;Z)Ljava/lang/Class; @ 38
Event: 7.211 Thread 0x00007f0b5c009000 Uncommon trap: reason=bimorphic action=maybe_recompile pc=0x00007f0bad486434 method=java.lang.ClassLoader.loadClass(Ljava/lang/String;Z)Ljava/lang/Class; @ 38
Event: 7.214 Thread 0x00007f0b5c009000 Uncommon trap: reason=class_check action=maybe_recompile pc=0x00007f0bad5d36d4 method=java.security.MessageDigest$Delegate.engineUpdate([BII)V @ 7
Event: 7.214 Thread 0x00007f0b5c009000 Uncommon trap: reason=predicate action=maybe_recompile pc=0x00007f0bad5cf5e0 method=sun.security.provider.DigestBase.implCompressMultiBlock0([BII)I @ 5
Event: 7.216 Thread 0x00007f0b5c009000 Uncommon trap: reason=unstable_if action=reinterpret pc=0x00007f0bad4ed6e4 method=java.net.URLClassLoader.getAndVerifyPackage(Ljava/lang/String;Ljava/util/jar/Manifest;Ljava/net/URL;)Ljava/lang/Package; @ 62
Event: 7.218 Thread 0x00007f0b5c009000 Uncommon trap: reason=bimorphic action=maybe_recompile pc=0x00007f0bad56cc94 method=java.lang.ClassLoader.getPackage(Ljava/lang/String;)Ljava/lang/Package; @ 47
Event: 7.253 Thread 0x00007f0b5c009000 Uncommon trap: reason=unstable_if action=reinterpret pc=0x00007f0bad56c4d0 method=java.net.URLClassLoader.getAndVerifyPackage(Ljava/lang/String;Ljava/util/jar/Manifest;Ljava/net/URL;)Ljava/lang/Package; @ 62
Event: 7.401 Thread 0x00007f0b5c009000 Uncommon trap: reason=class_check action=maybe_recompile pc=0x00007f0bad5d36d4 method=java.security.MessageDigest$Delegate.engineUpdate([BII)V @ 7
Event: 7.693 Thread 0x00007f0b5c009000 Uncommon trap: reason=class_check action=maybe_recompile pc=0x00007f0bad5d36d4 method=java.security.MessageDigest$Delegate.engineUpdate([BII)V @ 7
Event: 7.702 Thread 0x00007f0b5c009000 Uncommon trap: reason=class_check action=maybe_recompile pc=0x00007f0bad5d36d4 method=java.security.MessageDigest$Delegate.engineUpdate([BII)V @ 7

Classes redefined (0 events):
No events

Internal exceptions (10 events):
Event: 2.687 Thread 0x00007f0b5c004000 Exception <a 'java/lang/NoSuchMethodError': <clinit>> (0x00000000d6a56298) thrown at [/buildbot/src/googleplex-android/openjdk/out/hotspot/src/share/vm/prims/jni.cpp, line 1615]
Event: 3.504 Thread 0x00007f0b5c009000 Exception <a 'java/lang/NoSuchMethodError': java.lang.Object.lambda$and$0(Ljava/util/function/Predicate;Ljava/lang/Object;)Z> (0x00000000d6ef9f58) thrown at [/buildbot/src/googleplex-android/openjdk/out/hotspot/src/share/vm/interpreter/linkResolver.cpp, l
Event: 3.509 Thread 0x00007f0b5c009000 Exception <a 'java/lang/IncompatibleClassChangeError': Found class java.lang.Object, but interface was expected> (0x00000000d6f0a250) thrown at [/buildbot/src/googleplex-android/openjdk/out/hotspot/src/share/vm/interpreter/linkResolver.cpp, line 653]
Event: 3.511 Thread 0x00007f0b5c009000 Exception <a 'java/lang/NoSuchMethodError': java.lang.Object.lambda$or$2(Ljava/util/function/Predicate;Ljava/lang/Object;)Z> (0x00000000d6f0eda0) thrown at [/buildbot/src/googleplex-android/openjdk/out/hotspot/src/share/vm/interpreter/linkResolver.cpp, li
Event: 3.926 Thread 0x00007f0b5c009000 Exception <a 'java/lang/NoSuchMethodError': java.lang.Object.lambda$static$0(Lorg/gradle/internal/state/ModelObject;)Ljava/lang/String;> (0x00000000d682d848) thrown at [/buildbot/src/googleplex-android/openjdk/out/hotspot/src/share/vm/interpreter/linkReso
Event: 4.461 Thread 0x00007f0b5c009000 Exception <a 'java/lang/NoSuchMethodError': java.lang.Object.lambda$static$1(Lorg/gradle/internal/snapshot/SnapshotHierarchy$DiffCapturingUpdateFunction;)Lorg/gradle/internal/snapshot/AtomicSnapshotHierarchyReference$UpdateFunction;> (0x00000000d7f6b5c0) 
Event: 6.835 Thread 0x00007f0b5c009000 Exception <a 'java/lang/NoSuchMethodError': java.lang.Object.lambda$collectUrl$0(Ljava/util/function/Consumer;Ljava/io/File;)V> (0x00000000d8c212d0) thrown at [/buildbot/src/googleplex-android/openjdk/out/hotspot/src/share/vm/interpreter/linkResolver.cpp,
Event: 7.214 Thread 0x00007f0b5c009000 Exception <a 'java/lang/NoSuchMethodError': <clinit>> (0x00000000d8c8da10) thrown at [/buildbot/src/googleplex-android/openjdk/out/hotspot/src/share/vm/prims/jni.cpp, line 1615]
Event: 7.401 Thread 0x00007f0b5c009000 Exception <a 'java/lang/NoSuchMethodError': <clinit>> (0x00000000d92e12b8) thrown at [/buildbot/src/googleplex-android/openjdk/out/hotspot/src/share/vm/prims/jni.cpp, line 1615]
Event: 7.702 Thread 0x00007f0b5c009000 Exception <a 'java/lang/NoSuchMethodError': <clinit>> (0x00000000d56f3860) thrown at [/buildbot/src/googleplex-android/openjdk/out/hotspot/src/share/vm/prims/jni.cpp, line 1615]

Events (10 events):
Event: 7.699 loading class gnu/trove/TObjectProcedure
Event: 7.699 loading class gnu/trove/TObjectProcedure done
Event: 7.702 Thread 0x00007f0b5c009000 Uncommon trap: trap_request=0xffffffde fr.pc=0x00007f0bad5d36d4
Event: 7.702 Thread 0x00007f0b5c009000 DEOPT PACKING pc=0x00007f0bad5d36d4 sp=0x00007f0b67af81e0
Event: 7.702 Thread 0x00007f0b5c009000 DEOPT UNPACKING pc=0x00007f0bad04547a sp=0x00007f0b67af81d0 mode 2
Event: 7.703 loading class gnu/trove/PrimeFinder
Event: 7.703 loading class gnu/trove/PrimeFinder done
Event: 7.704 loading class org/jetbrains/plugins/gradle/model/ClassSetProjectImportModelProvider
Event: 7.704 loading class org/jetbrains/plugins/gradle/model/ClassSetProjectImportModelProvider done
Event: 7.731 Executing VM operation: CollectForMetadataAllocation


Dynamic libraries:
00400000-00401000 r-xp 00000000 08:01 40117898                           /home/cesar/Programs/android-studio/jre/bin/java
00401000-00402000 r--p 00000000 08:01 40117898                           /home/cesar/Programs/android-studio/jre/bin/java
00402000-00403000 rw-p 00001000 08:01 40117898                           /home/cesar/Programs/android-studio/jre/bin/java
01227000-01248000 rw-p 00000000 00:00 0                                  [heap]
80000000-85300000 rw-p 00000000 00:00 0 
85300000-d5580000 ---p 00000000 00:00 0 
d5580000-de880000 rw-p 00000000 00:00 0 
de880000-100000000 ---p 00000000 00:00 0 
100000000-10030c000 rw-p 00000000 00:00 0 
10030c000-140000000 ---p 00000000 00:00 0 
7f0b24000000-7f0b24021000 rw-p 00000000 00:00 0 
7f0b24021000-7f0b28000000 ---p 00000000 00:00 0 
7f0b2c000000-7f0b2c021000 rw-p 00000000 00:00 0 
7f0b2c021000-7f0b30000000 ---p 00000000 00:00 0 
7f0b30000000-7f0b30021000 rw-p 00000000 00:00 0 
7f0b30021000-7f0b34000000 ---p 00000000 00:00 0 
7f0b34000000-7f0b34021000 rw-p 00000000 00:00 0 
7f0b34021000-7f0b38000000 ---p 00000000 00:00 0 
7f0b38000000-7f0b38021000 rw-p 00000000 00:00 0 
7f0b38021000-7f0b3c000000 ---p 00000000 00:00 0 
7f0b3c000000-7f0b3c021000 rw-p 00000000 00:00 0 
7f0b3c021000-7f0b40000000 ---p 00000000 00:00 0 
7f0b40000000-7f0b40021000 rw-p 00000000 00:00 0 
7f0b40021000-7f0b44000000 ---p 00000000 00:00 0 
7f0b44000000-7f0b44021000 rw-p 00000000 00:00 0 
7f0b44021000-7f0b48000000 ---p 00000000 00:00 0 
7f0b48000000-7f0b48021000 rw-p 00000000 00:00 0 
7f0b48021000-7f0b4c000000 ---p 00000000 00:00 0 
7f0b4c000000-7f0b4ca00000 rw-p 00000000 00:00 0 
7f0b4ca00000-7f0b50000000 ---p 00000000 00:00 0 
7f0b50000000-7f0b503e0000 rw-p 00000000 00:00 0 
7f0b503e0000-7f0b54000000 ---p 00000000 00:00 0 
7f0b54000000-7f0b54021000 rw-p 00000000 00:00 0 
7f0b54021000-7f0b58000000 ---p 00000000 00:00 0 
7f0b58000000-7f0b58021000 rw-p 00000000 00:00 0 
7f0b58021000-7f0b5c000000 ---p 00000000 00:00 0 
7f0b5c000000-7f0b5c021000 rw-p 00000000 00:00 0 
7f0b5c021000-7f0b60000000 ---p 00000000 00:00 0 
7f0b60000000-7f0b60021000 rw-p 00000000 00:00 0 
7f0b60021000-7f0b64000000 ---p 00000000 00:00 0 
7f0b653f0000-7f0b656b4000 r--s 01c65000 08:01 41690856                   /home/cesar/.gradle/caches/jars-8/o_3df8cd05cb0c6213ff77f8cec79028ce/gradle-api-impldep-6.1.1.jar
7f0b656b4000-7f0b65828000 r--s 00d0a000 08:01 41690854                   /home/cesar/.gradle/caches/jars-8/o_6ea1e8155310d879d66b539663a8ec15/gradle-api-6.1.1.jar
7f0b65828000-7f0b6582b000 ---p 00000000 00:00 0 
7f0b6582b000-7f0b65929000 rw-p 00000000 00:00 0 
7f0b65929000-7f0b6592c000 ---p 00000000 00:00 0 
7f0b6592c000-7f0b65a2a000 rw-p 00000000 00:00 0 
7f0b65a2a000-7f0b65a2d000 ---p 00000000 00:00 0 
7f0b65a2d000-7f0b65b2b000 rw-p 00000000 00:00 0 
7f0b65b2b000-7f0b65b2e000 ---p 00000000 00:00 0 
7f0b65b2e000-7f0b65c2c000 rw-p 00000000 00:00 0 
7f0b65c2c000-7f0b65c2f000 ---p 00000000 00:00 0 
7f0b65c2f000-7f0b65d2d000 rw-p 00000000 00:00 0 
7f0b65d2d000-7f0b65d30000 ---p 00000000 00:00 0 
7f0b65d30000-7f0b65e2e000 rw-p 00000000 00:00 0 
7f0b65e2e000-7f0b65e31000 ---p 00000000 00:00 0 
7f0b65e31000-7f0b65f2f000 rw-p 00000000 00:00 0 
7f0b65f2f000-7f0b65f32000 ---p 00000000 00:00 0 
7f0b65f32000-7f0b66030000 rw-p 00000000 00:00 0 
7f0b66030000-7f0b66033000 ---p 00000000 00:00 0 
7f0b66033000-7f0b66131000 rw-p 00000000 00:00 0 
7f0b66131000-7f0b66134000 ---p 00000000 00:00 0 
7f0b66134000-7f0b66232000 rw-p 00000000 00:00 0 
7f0b66232000-7f0b66235000 ---p 00000000 00:00 0 
7f0b66235000-7f0b66333000 rw-p 00000000 00:00 0 
7f0b66333000-7f0b66336000 ---p 00000000 00:00 0 
7f0b66336000-7f0b66434000 rw-p 00000000 00:00 0 
7f0b66434000-7f0b66437000 ---p 00000000 00:00 0 
7f0b66437000-7f0b66535000 rw-p 00000000 00:00 0 
7f0b66535000-7f0b66538000 ---p 00000000 00:00 0 
7f0b66538000-7f0b66636000 rw-p 00000000 00:00 0 
7f0b66636000-7f0b66639000 ---p 00000000 00:00 0 
7f0b66639000-7f0b66737000 rw-p 00000000 00:00 0 
7f0b66737000-7f0b6673a000 ---p 00000000 00:00 0 
7f0b6673a000-7f0b66838000 rw-p 00000000 00:00 0 
7f0b66838000-7f0b6683b000 ---p 00000000 00:00 0 
7f0b6683b000-7f0b66939000 rw-p 00000000 00:00 0 
7f0b66939000-7f0b6693c000 ---p 00000000 00:00 0 
7f0b6693c000-7f0b66a3a000 rw-p 00000000 00:00 0 
7f0b66a3a000-7f0b66a3d000 ---p 00000000 00:00 0 
7f0b66a3d000-7f0b66b3b000 rw-p 00000000 00:00 0 
7f0b66b3b000-7f0b66b3e000 ---p 00000000 00:00 0 
7f0b66b3e000-7f0b66c3c000 rw-p 00000000 00:00 0 
7f0b66c3c000-7f0b66c3f000 ---p 00000000 00:00 0 
7f0b66c3f000-7f0b66f3d000 rw-p 00000000 00:00 0 
7f0b66f7c000-7f0b66ff6000 r--s 01104000 08:01 40117856                   /home/cesar/Programs/android-studio/jre/lib/tools.jar
7f0b66ff6000-7f0b671b6000 rw-p 00000000 00:00 0 
7f0b671b6000-7f0b671f6000 ---p 00000000 00:00 0 
7f0b671f6000-7f0b671f9000 ---p 00000000 00:00 0 
7f0b671f9000-7f0b672f7000 rw-p 00000000 00:00 0 
7f0b672f7000-7f0b672fa000 ---p 00000000 00:00 0 
7f0b672fa000-7f0b673f8000 rw-p 00000000 00:00 0 
7f0b673f8000-7f0b673fb000 ---p 00000000 00:00 0 
7f0b673fb000-7f0b676f9000 rw-p 00000000 00:00 0 
7f0b676f9000-7f0b676fc000 ---p 00000000 00:00 0 
7f0b676fc000-7f0b677fa000 rw-p 00000000 00:00 0 
7f0b677fa000-7f0b677fd000 ---p 00000000 00:00 0 
7f0b677fd000-7f0b678fb000 rw-p 00000000 00:00 0 
7f0b678fb000-7f0b678fe000 ---p 00000000 00:00 0 
7f0b678fe000-7f0b679fc000 rw-p 00000000 00:00 0 
7f0b679fc000-7f0b679ff000 ---p 00000000 00:00 0 
7f0b679ff000-7f0b67afd000 rw-p 00000000 00:00 0 
7f0b67afd000-7f0b67b00000 ---p 00000000 00:00 0 
7f0b67b00000-7f0b67dfe000 rw-p 00000000 00:00 0 
7f0b67dfe000-7f0b67e01000 ---p 00000000 00:00 0 
7f0b67e01000-7f0b67eff000 rw-p 00000000 00:00 0 
7f0b67eff000-7f0b67f02000 ---p 00000000 00:00 0 
7f0b67f02000-7f0b68000000 rw-p 00000000 00:00 0 
7f0b68000000-7f0b68021000 rw-p 00000000 00:00 0 
7f0b68021000-7f0b6c000000 ---p 00000000 00:00 0 
7f0b6c000000-7f0b6c068000 rw-p 00000000 00:00 0 
7f0b6c068000-7f0b70000000 ---p 00000000 00:00 0 
7f0b70000000-7f0b70021000 rw-p 00000000 00:00 0 
7f0b70021000-7f0b74000000 ---p 00000000 00:00 0 
7f0b74000000-7f0b74021000 rw-p 00000000 00:00 0 
7f0b74021000-7f0b78000000 ---p 00000000 00:00 0 
7f0b78000000-7f0b79adc000 rw-p 00000000 00:00 0 
7f0b79adc000-7f0b7c000000 ---p 00000000 00:00 0 
7f0b7c000000-7f0b7c67f000 rw-p 00000000 00:00 0 
7f0b7c67f000-7f0b80000000 ---p 00000000 00:00 0 
7f0b80000000-7f0b80021000 rw-p 00000000 00:00 0 
7f0b80021000-7f0b84000000 ---p 00000000 00:00 0 
7f0b84000000-7f0b8506a000 rw-p 00000000 00:00 0 
7f0b8506a000-7f0b88000000 ---p 00000000 00:00 0 
7f0b88000000-7f0b88021000 rw-p 00000000 00:00 0 
7f0b88021000-7f0b8c000000 ---p 00000000 00:00 0 
7f0b8c000000-7f0b8c021000 rw-p 00000000 00:00 0 
7f0b8c021000-7f0b90000000 ---p 00000000 00:00 0 
7f0b90000000-7f0b90021000 rw-p 00000000 00:00 0 
7f0b90021000-7f0b94000000 ---p 00000000 00:00 0 
7f0b94000000-7f0b94021000 rw-p 00000000 00:00 0 
7f0b94021000-7f0b98000000 ---p 00000000 00:00 0 
7f0b98000000-7f0b982d0000 rw-p 00000000 00:00 0 
7f0b982d0000-7f0b9c000000 ---p 00000000 00:00 0 
7f0b9c011000-7f0b9c019000 r--s 000d2000 08:01 41690870                   /home/cesar/.gradle/caches/jars-8/o_74677fa7d8575129229e90e15239d171/gradle-tooling-extension-impl.jar
7f0b9c019000-7f0b9c01b000 r--s 0000c000 08:01 41690868                   /home/cesar/.gradle/caches/jars-8/o_63bc1430dcd3b39b0fa81253dfbb9bc4/external-system-rt.jar
7f0b9c01b000-7f0b9c026000 r--s 000aa000 08:01 41690866                   /home/cesar/.gradle/caches/jars-8/o_2daa8a88fb68b91149a30998d45aa1f5/ion-java-1.5.2-2.jar
7f0b9c026000-7f0b9c04f000 r--s 004e2000 08:01 41690864                   /home/cesar/.gradle/caches/jars-8/o_b58a7c98e882a9c9beb49f74471c5af6/util.jar
7f0b9c04f000-7f0b9c05a000 r--s 00081000 08:01 41690862                   /home/cesar/.gradle/caches/jars-8/o_b60b5dd218cf67e8c7a89e4eb4952e61/trove4j.jar
7f0b9c05a000-7f0b9c05f000 r--s 00055000 08:01 41690860                   /home/cesar/.gradle/caches/jars-8/o_f4daab3d88385d4c25de7c3692c3e1f7/gradle-tooling-extension-api.jar
7f0b9c05f000-7f0b9c060000 r--s 00002000 08:01 41690858                   /home/cesar/.gradle/caches/jars-8/o_b28f540bf13198f32ea1052e54a37a12/gradle-toolingLoaderRt.jar
7f0b9c060000-7f0b9c063000 ---p 00000000 00:00 0 
7f0b9c063000-7f0b9c161000 rw-p 00000000 00:00 0 
7f0b9c161000-7f0b9c168000 r--s 00000000 08:01 39586770                   /usr/lib/x86_64-linux-gnu/gconv/gconv-modules.cache
7f0b9c168000-7f0b9c16b000 ---p 00000000 00:00 0 
7f0b9c16b000-7f0b9c269000 rw-p 00000000 00:00 0 
7f0b9c269000-7f0b9c26e000 r--s 000a3000 08:01 39981820                   /home/cesar/Programs/android-studio/jre/jre/lib/jsse.jar
7f0b9c26e000-7f0b9c271000 ---p 00000000 00:00 0 
7f0b9c271000-7f0b9c56f000 rw-p 00000000 00:00 0 
7f0b9c56f000-7f0b9c577000 r-xp 00000000 08:01 39981767                   /home/cesar/Programs/android-studio/jre/jre/lib/amd64/libmanagement.so
7f0b9c577000-7f0b9c578000 r--p 00007000 08:01 39981767                   /home/cesar/Programs/android-studio/jre/jre/lib/amd64/libmanagement.so
7f0b9c578000-7f0b9c579000 rw-p 00008000 08:01 39981767                   /home/cesar/Programs/android-studio/jre/jre/lib/amd64/libmanagement.so
7f0b9c579000-7f0b9c57b000 r--s 00010000 08:01 40244368                   /home/cesar/.gradle/wrapper/dists/gradle-6.5-bin/6nifqtx7604sqp1q6g8wikw7p/gradle-6.5/lib/plugins/gradle-tooling-api-builders-6.5.jar
7f0b9c57b000-7f0b9c58f000 r--s 0014c000 08:01 40244352                   /home/cesar/.gradle/wrapper/dists/gradle-6.5-bin/6nifqtx7604sqp1q6g8wikw7p/gradle-6.5/lib/plugins/gradle-instant-execution-6.5.jar
7f0b9c58f000-7f0b9c590000 r--s 00005000 08:01 40244344                   /home/cesar/.gradle/wrapper/dists/gradle-6.5-bin/6nifqtx7604sqp1q6g8wikw7p/gradle-6.5/lib/plugins/gradle-build-profile-6.5.jar
7f0b9c590000-7f0b9c592000 r--s 00003000 08:01 40244348                   /home/cesar/.gradle/wrapper/dists/gradle-6.5-bin/6nifqtx7604sqp1q6g8wikw7p/gradle-6.5/lib/plugins/gradle-tooling-native-6.5.jar
7f0b9c592000-7f0b9c596000 r--s 00017000 08:01 40244353                   /home/cesar/.gradle/wrapper/dists/gradle-6.5-bin/6nifqtx7604sqp1q6g8wikw7p/gradle-6.5/lib/plugins/gradle-testing-native-6.5.jar
7f0b9c596000-7f0b9c597000 r--s 00001000 08:01 40244463                   /home/cesar/.gradle/wrapper/dists/gradle-6.5-bin/6nifqtx7604sqp1q6g8wikw7p/gradle-6.5/lib/plugins/opentest4j-1.2.0.jar
7f0b9c597000-7f0b9c59a000 r--s 0001b000 08:01 40244435                   /home/cesar/.gradle/wrapper/dists/gradle-6.5-bin/6nifqtx7604sqp1q6g8wikw7p/gradle-6.5/lib/plugins/junit-platform-launcher-1.6.0.jar
7f0b9c59a000-7f0b9c59f000 r--s 00026000 08:01 40244433                   /home/cesar/.gradle/wrapper/dists/gradle-6.5-bin/6nifqtx7604sqp1q6g8wikw7p/gradle-6.5/lib/plugins/junit-platform-engine-1.6.0.jar
7f0b9c59f000-7f0b9c5a1000 r--s 00016000 08:01 40244434                   /home/cesar/.gradle/wrapper/dists/gradle-6.5-bin/6nifqtx7604sqp1q6g8wikw7p/gradle-6.5/lib/plugins/junit-platform-commons-1.6.0.jar
7f0b9c5a1000-7f0b9c5a2000 r--s 00000000 08:01 40244462                   /home/cesar/.gradle/wrapper/dists/gradle-6.5-bin/6nifqtx7604sqp1q6g8wikw7p/gradle-6.5/lib/plugins/apiguardian-api-1.1.0.jar
7f0b9c5a2000-7f0b9c5a3000 r--s 00003000 08:01 40244367                   /home/cesar/.gradle/wrapper/dists/gradle-6.5-bin/6nifqtx7604sqp1q6g8wikw7p/gradle-6.5/lib/plugins/gradle-testing-junit-platform-6.5.jar
7f0b9c5a3000-7f0b9c5a6000 r--s 00009000 08:01 40244361                   /home/cesar/.gradle/wrapper/dists/gradle-6.5-bin/6nifqtx7604sqp1q6g8wikw7p/gradle-6.5/lib/plugins/gradle-signing-6.5.jar
7f0b9c5a6000-7f0b9c5a8000 r--s 0000a000 08:01 40244363                   /home/cesar/.gradle/wrapper/dists/gradle-6.5-bin/6nifqtx7604sqp1q6g8wikw7p/gradle-6.5/lib/plugins/gradle-scala-6.5.jar
7f0b9c5a8000-7f0b9c5a9000 r--s 00004000 08:01 40244387                   /home/cesar/.gradle/wrapper/dists/gradle-6.5-bin/6nifqtx7604sqp1q6g8wikw7p/gradle-6.5/lib/plugins/gradle-resources-sftp-6.5.jar
7f0b9c5a9000-7f0b9c5ab000 r--s 00005000 08:01 40244422                   /home/cesar/.gradle/wrapper/dists/gradle-6.5-bin/6nifqtx7604sqp1q6g8wikw7p/gradle-6.5/lib/plugins/jmespath-java-1.11.633.jar
7f0b9c5ab000-7f0b9c5b5000 r--s 00081000 08:01 40244461                   /home/cesar/.gradle/wrapper/dists/gradle-6.5-bin/6nifqtx7604sqp1q6g8wikw7p/gradle-6.5/lib/plugins/ion-java-1.0.2.jar
7f0b9c5b5000-7f0b9c5cc000 r--s 000e1000 08:01 40244395                   /home/cesar/.gradle/wrapper/dists/gradle-6.5-bin/6nifqtx7604sqp1q6g8wikw7p/gradle-6.5/lib/plugins/aws-java-sdk-s3-1.11.633.jar
7f0b9c5cc000-7f0b9c5d7000 r--s 00074000 08:01 40244396                   /home/cesar/.gradle/wrapper/dists/gradle-6.5-bin/6nifqtx7604sqp1q6g8wikw7p/gradle-6.5/lib/plugins/aws-java-sdk-kms-1.11.633.jar
7f0b9c5d7000-7f0b9c5ee000 r--s 000d5000 08:01 40244397                   /home/cesar/.gradle/wrapper/dists/gradle-6.5-bin/6nifqtx7604sqp1q6g8wikw7p/gradle-6.5/lib/plugins/aws-java-sdk-core-1.11.633.jar
7f0b9c5ee000-7f0b9c5f0000 r--s 00004000 08:01 40244384                   /home/cesar/.gradle/wrapper/dists/gradle-6.5-bin/6nifqtx7604sqp1q6g8wikw7p/gradle-6.5/lib/plugins/gradle-resources-s3-6.5.jar
7f0b9c5f0000-7f0b9c600000 r--s 0008d000 08:01 40244426                   /home/cesar/.gradle/wrapper/dists/gradle-6.5-bin/6nifqtx7604sqp1q6g8wikw7p/gradle-6.5/lib/plugins/joda-time-2.10.4.jar
7f0b9c600000-7f0b9c615000 r--s 00142000 08:01 40244423                   /home/cesar/.gradle/wrapper/dists/gradle-6.5-bin/6nifqtx7604sqp1q6g8wikw7p/gradle-6.5/lib/plugins/jackson-databind-2.10.2.jar
7f0b9c615000-7f0b9c61a000 r--s 00051000 08:01 40244424                   /home/cesar/.gradle/wrapper/dists/gradle-6.5-bin/6nifqtx7604sqp1q6g8wikw7p/gradle-6.5/lib/plugins/jackson-core-2.10.2.jar
7f0b9c61a000-7f0b9c61d000 r--s 0000e000 08:01 40244425                   /home/cesar/.gradle/wrapper/dists/gradle-6.5-bin/6nifqtx7604sqp1q6g8wikw7p/gradle-6.5/lib/plugins/jackson-annotations-2.10.2.jar
7f0b9c61d000-7f0b9c620000 r--s 0000d000 08:01 40244398                   /home/cesar/.gradle/wrapper/dists/gradle-6.5-bin/6nifqtx7604sqp1q6g8wikw7p/gradle-6.5/lib/plugins/google-oauth-client-1.25.0.jar
7f0b9c620000-7f0b9c621000 r--s 00001000 08:01 40244399                   /home/cesar/.gradle/wrapper/dists/gradle-6.5-bin/6nifqtx7604sqp1q6g8wikw7p/gradle-6.5/lib/plugins/google-http-client-jackson2-1.25.0.jar
7f0b9c621000-7f0b9c62b000 r--s 00056000 08:01 40244400                   /home/cesar/.gradle/wrapper/dists/gradle-6.5-bin/6nifqtx7604sqp1q6g8wikw7p/gradle-6.5/lib/plugins/google-http-client-1.25.0.jar
7f0b9c62b000-7f0b9c62f000 r--s 0001d000 08:01 40244393                   /home/cesar/.gradle/wrapper/dists/gradle-6.5-bin/6nifqtx7604sqp1q6g8wikw7p/gradle-6.5/lib/plugins/google-api-services-storage-v1-rev136-1.25.0.jar
7f0b9c62f000-7f0b9c634000 r--s 0002d000 08:01 40244394                   /home/cesar/.gradle/wrapper/dists/gradle-6.5-bin/6nifqtx7604sqp1q6g8wikw7p/gradle-6.5/lib/plugins/google-api-client-1.25.0.jar
7f0b9c634000-7f0b9c636000 r--s 00003000 08:01 40244383                   /home/cesar/.gradle/wrapper/dists/gradle-6.5-bin/6nifqtx7604sqp1q6g8wikw7p/gradle-6.5/lib/plugins/gradle-resources-gcs-6.5.jar
7f0b9c636000-7f0b9c63d000 r--s 00030000 08:01 40244359                   /home/cesar/.gradle/wrapper/dists/gradle-6.5-bin/6nifqtx7604sqp1q6g8wikw7p/gradle-6.5/lib/plugins/gradle-platform-play-6.5.jar
7f0b9c63d000-7f0b9c64f000 r--s 00078000 08:01 40244373                   /home/cesar/.gradle/wrapper/dists/gradle-6.5-bin/6nifqtx7604sqp1q6g8wikw7p/gradle-6.5/lib/plugins/gradle-platform-native-6.5.jar
7f0b9c64f000-7f0b9c652000 r--s 0000f000 08:01 40244366                   /home/cesar/.gradle/wrapper/dists/gradle-6.5-bin/6nifqtx7604sqp1q6g8wikw7p/gradle-6.5/lib/plugins/gradle-language-scala-6.5.jar
7f0b9c652000-7f0b9c65e000 r--s 00053000 08:01 40244354                   /home/cesar/.gradle/wrapper/dists/gradle-6.5-bin/6nifqtx7604sqp1q6g8wikw7p/gradle-6.5/lib/plugins/gradle-language-native-6.5.jar
7f0b9c65e000-7f0b9c665000 r--s 00035000 08:01 40244415                   /home/cesar/.gradle/wrapper/dists/gradle-6.5-bin/6nifqtx7604sqp1q6g8wikw7p/gradle-6.5/lib/plugins/simple-4.1.21.jar
7f0b9c665000-7f0b9c672000 r--s 00125000 08:01 40244414                   /home/cesar/.gradle/wrapper/dists/gradle-6.5-bin/6nifqtx7604sqp1q6g8wikw7p/gradle-6.5/lib/plugins/rhino-1.7.10.jar
7f0b9c672000-7f0b9c676000 r--s 00012000 08:01 40244360                   /home/cesar/.gradle/wrapper/dists/gradle-6.5-bin/6nifqtx7604sqp1q6g8wikw7p/gradle-6.5/lib/plugins/gradle-javascript-6.5.jar
7f0b9c676000-7f0b9c679000 r--s 00011000 08:01 40244358                   /home/cesar/.gradle/wrapper/dists/gradle-6.5-bin/6nifqtx7604sqp1q6g8wikw7p/gradle-6.5/lib/plugins/gradle-jacoco-6.5.jar
7f0b9c679000-7f0b9c67b000 r--s 00002000 08:01 40244347                   /home/cesar/.gradle/wrapper/dists/gradle-6.5-bin/6nifqtx7604sqp1q6g8wikw7p/gradle-6.5/lib/plugins/gradle-ide-play-6.5.jar
7f0b9c67b000-7f0b9c67d000 r--s 00011000 08:01 40244413                   /home/cesar/.gradle/wrapper/dists/gradle-6.5-bin/6nifqtx7604sqp1q6g8wikw7p/gradle-6.5/lib/plugins/dd-plist-1.21.jar
7f0b9c67d000-7f0b9c684000 r--s 00035000 08:01 40244346                   /home/cesar/.gradle/wrapper/dists/gradle-6.5-bin/6nifqtx7604sqp1q6g8wikw7p/gradle-6.5/lib/plugins/gradle-ide-native-6.5.jar
7f0b9c684000-7f0b9c68f000 r--s 00064000 08:01 40244349                   /home/cesar/.gradle/wrapper/dists/gradle-6.5-bin/6nifqtx7604sqp1q6g8wikw7p/gradle-6.5/lib/plugins/gradle-ide-6.5.jar
7f0b9c68f000-7f0b9c691000 r--s 00007000 08:01 40244350                   /home/cesar/.gradle/wrapper/dists/gradle-6.5-bin/6nifqtx7604sqp1q6g8wikw7p/gradle-6.5/lib/plugins/gradle-ear-6.5.jar
7f0b9c691000-7f0b9c694000 r--s 00019000 08:01 40244345                   /home/cesar/.gradle/wrapper/dists/gradle-6.5-bin/6nifqtx7604sqp1q6g8wikw7p/gradle-6.5/lib/plugins/gradle-code-quality-6.5.jar
7f0b9c694000-7f0b9c696000 r--s 0000b000 08:01 40244404                   /home/cesar/.gradle/wrapper/dists/gradle-6.5-bin/6nifqtx7604sqp1q6g8wikw7p/gradle-6.5/lib/plugins/maven-plugin-api-3.0.5.jar
7f0b9c696000-7f0b9c69c000 r--s 0003f000 08:01 40244403                   /home/cesar/.gradle/wrapper/dists/gradle-6.5-bin/6nifqtx7604sqp1q6g8wikw7p/gradle-6.5/lib/plugins/maven-compat-3.0.5.jar
7f0b9c69c000-7f0b9c6a5000 r--s 0003b000 08:01 40244343                   /home/cesar/.gradle/wrapper/dists/gradle-6.5-bin/6nifqtx7604sqp1q6g8wikw7p/gradle-6.5/lib/plugins/gradle-build-init-6.5.jar
7f0b9c6a5000-7f0b9c6a6000 r--s 00003000 08:01 40244342                   /home/cesar/.gradle/wrapper/dists/gradle-6.5-bin/6nifqtx7604sqp1q6g8wikw7p/gradle-6.5/lib/plugins/gradle-build-cache-http-6.5.jar
7f0b9c6a6000-7f0b9c6a8000 r--s 00009000 08:01 40244341                   /home/cesar/.gradle/wrapper/dists/gradle-6.5-bin/6nifqtx7604sqp1q6g8wikw7p/gradle-6.5/lib/plugins/gradle-antlr-6.5.jar
7f0b9c6a8000-7f0b9c6ab000 r--s 0001c000 08:01 40244351                   /home/cesar/.gradle/wrapper/dists/gradle-6.5-bin/6nifqtx7604sqp1q6g8wikw7p/gradle-6.5/lib/plugins/gradle-kotlin-dsl-tooling-builders-6.5.jar
7f0b9c6ab000-7f0b9c6af000 r--s 00021000 08:01 40244460                   /home/cesar/.gradle/wrapper/dists/gradle-6.5-bin/6nifqtx7604sqp1q6g8wikw7p/gradle-6.5/lib/plugins/xbean-reflect-3.7.jar
7f0b9c6af000-7f0b9c6b1000 r--s 0000c000 08:01 40244458                   /home/cesar/.gradle/wrapper/dists/gradle-6.5-bin/6nifqtx7604sqp1q6g8wikw7p/gradle-6.5/lib/plugins/wagon-provider-api-3.0.0.jar
7f0b9c6b1000-7f0b9c6b2000 r--s 00008000 08:01 40244392                   /home/cesar/.gradle/wrapper/dists/gradle-6.5-bin/6nifqtx7604sqp1q6g8wikw7p/gradle-6.5/lib/plugins/wagon-http-shared-3.0.0.jar
7f0b9c6b2000-7f0b9c6b3000 r--s 00002000 08:01 40244391                   /home/cesar/.gradle/wrapper/dists/gradle-6.5-bin/6nifqtx7604sqp1q6g8wikw7p/gradle-6.5/lib/plugins/wagon-http-3.0.0.jar
7f0b9c6b3000-7f0b9c6b4000 r--s 00002000 08:01 40244418                   /home/cesar/.gradle/wrapper/dists/gradle-6.5-bin/6nifqtx7604sqp1q6g8wikw7p/gradle-6.5/lib/plugins/wagon-file-3.0.0.jar
7f0b9c6b4000-7f0b9c6b7000 r--s 0000c000 08:01 40244417                   /home/cesar/.gradle/wrapper/dists/gradle-6.5-bin/6nifqtx7604sqp1q6g8wikw7p/gradle-6.5/lib/plugins/pmaven-groovy-0.8-20100325.jar
7f0b9c6b7000-7f0b9c6b8000 r--s 00004000 08:01 40244416                   /home/cesar/.gradle/wrapper/dists/gradle-6.5-bin/6nifqtx7604sqp1q6g8wikw7p/gradle-6.5/lib/plugins/pmaven-common-0.8-20100325.jar
7f0b9c6b8000-7f0b9c6bf000 r--s 00032000 08:01 40244402                   /home/cesar/.gradle/wrapper/dists/gradle-6.5-bin/6nifqtx7604sqp1q6g8wikw7p/gradle-6.5/lib/plugins/plexus-container-default-1.7.1.jar
7f0b9c6bf000-7f0b9c6c2000 r--s 0000a000 08:01 40244455                   /home/cesar/.gradle/wrapper/dists/gradle-6.5-bin/6nifqtx7604sqp1q6g8wikw7p/gradle-6.5/lib/plugins/plexus-classworlds-2.5.1.jar
7f0b9c6c2000-7f0b9c6c4000 r--s 00006000 08:01 40244419                   /home/cesar/.gradle/wrapper/dists/gradle-6.5-bin/6nifqtx7604sqp1q6g8wikw7p/gradle-6.5/lib/plugins/aether-connector-wagon-1.13.1.jar
7f0b9c6c4000-7f0b9c6cb000 r--s 00030000 08:01 40244362                   /home/cesar/.gradle/wrapper/dists/gradle-6.5-bin/6nifqtx7604sqp1q6g8wikw7p/gradle-6.5/lib/plugins/gradle-maven-6.5.jar
7f0b9c6cb000-7f0b9c6cd000 r--s 0000b000 08:01 40244378                   /home/cesar/.gradle/wrapper/dists/gradle-6.5-bin/6nifqtx7604sqp1q6g8wikw7p/gradle-6.5/lib/plugins/gradle-publish-6.5.jar
7f0b9c6cd000-7f0b9c6d6000 r--s 00089000 08:01 40244420                   /home/cesar/.gradle/wrapper/dists/gradle-6.5-bin/6nifqtx7604sqp1q6g8wikw7p/gradle-6.5/lib/plugins/testng-6.3.1.jar
7f0b9c6d6000-7f0b9c6dc000 r--s 0003d000 08:01 40244421                   /home/cesar/.gradle/wrapper/dists/gradle-6.5-bin/6nifqtx7604sqp1q6g8wikw7p/gradle-6.5/lib/plugins/snakeyaml-1.17.jar
7f0b9c6dc000-7f0b9c6e6000 r--s 00054000 08:01 40244432                   /home/cesar/.gradle/wrapper/dists/gradle-6.5-bin/6nifqtx7604sqp1q6g8wikw7p/gradle-6.5/lib/plugins/junit-4.13.jar
7f0b9c6e6000-7f0b9c6e8000 r--s 0000f000 08:01 40244445                   /home/cesar/.gradle/wrapper/dists/gradle-6.5-bin/6nifqtx7604sqp1q6g8wikw7p/gradle-6.5/lib/plugins/jcommander-1.72.jar
7f0b9c6e8000-7f0b9c6ea000 r--s 00009000 08:01 40244443                   /home/cesar/.gradle/wrapper/dists/gradle-6.5-bin/6nifqtx7604sqp1q6g8wikw7p/gradle-6.5/lib/plugins/hamcrest-core-1.3.jar
7f0b9c6ea000-7f0b9c6ef000 r--s 0005a000 08:01 40244436                   /home/cesar/.gradle/wrapper/dists/gradle-6.5-bin/6nifqtx7604sqp1q6g8wikw7p/gradle-6.5/lib/plugins/bsh-2.0b6.jar
7f0b9c6ef000-7f0b9c6f3000 r--s 0001d000 08:01 40244369                   /home/cesar/.gradle/wrapper/dists/gradle-6.5-bin/6nifqtx7604sqp1q6g8wikw7p/gradle-6.5/lib/plugins/gradle-testing-jvm-6.5.jar
7f0b9c6f3000-7f0b9c6fb000 r--s 00035000 08:01 40244375                   /home/cesar/.gradle/wrapper/dists/gradle-6.5-bin/6nifqtx7604sqp1q6g8wikw7p/gradle-6.5/lib/plugins/gradle-testing-base-6.5.jar
7f0b9c6fb000-7f0b9c6ff000 r--s 0001d000 08:01 40244372                   /home/cesar/.gradle/wrapper/dists/gradle-6.5-bin/6nifqtx7604sqp1q6g8wikw7p/gradle-6.5/lib/plugins/gradle-platform-jvm-6.5.jar
7f0b9c6ff000-7f0b9c701000 r--s 00006000 08:01 40244371                   /home/cesar/.gradle/wrapper/dists/gradle-6.5-bin/6nifqtx7604sqp1q6g8wikw7p/gradle-6.5/lib/plugins/gradle-language-jvm-6.5.jar
7f0b9c701000-7f0b9c702000 r--s 00001000 08:01 40244284                   /home/cesar/.gradle/wrapper/dists/gradle-6.5-bin/6nifqtx7604sqp1q6g8wikw7p/gradle-6.5/lib/gradle-java-compiler-plugin-6.5.jar
7f0b9c702000-7f0b9c70b000 r--s 00047000 08:01 40244370                   /home/cesar/.gradle/wrapper/dists/gradle-6.5-bin/6nifqtx7604sqp1q6g8wikw7p/gradle-6.5/lib/plugins/gradle-language-java-6.5.jar
7f0b9c70b000-7f0b9c70d000 r--s 0000f000 08:01 40244365                   /home/cesar/.gradle/wrapper/dists/gradle-6.5-bin/6nifqtx7604sqp1q6g8wikw7p/gradle-6.5/lib/plugins/gradle-language-groovy-6.5.jar
7f0b9c70d000-7f0b9c710000 r--s 0000f000 08:01 40244382                   /home/cesar/.gradle/wrapper/dists/gradle-6.5-bin/6nifqtx7604sqp1q6g8wikw7p/gradle-6.5/lib/plugins/gradle-reporting-6.5.jar
7f0b9c710000-7f0b9c717000 r--s 00029000 08:01 40244376                   /home/cesar/.gradle/wrapper/dists/gradle-6.5-bin/6nifqtx7604sqp1q6g8wikw7p/gradle-6.5/lib/plugins/gradle-platform-base-6.5.jar
7f0b9c717000-7f0b9c719000 r--s 00006000 08:01 40244412                   /home/cesar/.gradle/wrapper/dists/gradle-6.5-bin/6nifqtx7604sqp1q6g8wikw7p/gradle-6.5/lib/plugins/jatl-0.2.3.jar
7f0b9c719000-7f0b9c71f000 r--s 0003a000 08:01 40244374                   /home/cesar/.gradle/wrapper/dists/gradle-6.5-bin/6nifqtx7604sqp1q6g8wikw7p/gradle-6.5/lib/plugins/gradle-diagnostics-6.5.jar
7f0b9c71f000-7f0b9c725000 r--s 00042000 08:01 40244364                   /home/cesar/.gradle/wrapper/dists/gradle-6.5-bin/6nifqtx7604sqp1q6g8wikw7p/gradle-6.5/lib/plugins/gradle-plugins-6.5.jar
7f0b9c725000-7f0b9c728000 r--s 00015000 08:01 40244357                   /home/cesar/.gradle/wrapper/dists/gradle-6.5-bin/6nifqtx7604sqp1q6g8wikw7p/gradle-6.5/lib/plugins/gradle-ivy-6.5.jar
7f0b9c728000-7f0b9c72b000 r--s 00012000 08:01 40244356                   /home/cesar/.gradle/wrapper/dists/gradle-6.5-bin/6nifqtx7604sqp1q6g8wikw7p/gradle-6.5/lib/plugins/gradle-plugin-development-6.5.jar
7f0b9c72b000-7f0b9c72f000 r--s 00024000 08:01 40244355                   /home/cesar/.gradle/wrapper/dists/gradle-6.5-bin/6nifqtx7604sqp1q6g8wikw7p/gradle-6.5/lib/plugins/gradle-kotlin-dsl-provider-plugins-6.5.jar
7f0b9c72f000-7f0b9c733000 r--s 0003c000 08:01 40244459                   /home/cesar/.gradle/wrapper/dists/gradle-6.5-bin/6nifqtx7604sqp1q6g8wikw7p/gradle-6.5/lib/plugins/plexus-utils-3.1.0.jar
7f0b9c733000-7f0b9c734000 r--s 00006000 08:01 40244453                   /home/cesar/.gradle/wrapper/dists/gradle-6.5-bin/6nifqtx7604sqp1q6g8wikw7p/gradle-6.5/lib/plugins/plexus-sec-dispatcher-1.3.jar
7f0b9c734000-7f0b9c736000 r--s 0000d000 08:01 40244457                   /home/cesar/.gradle/wrapper/dists/gradle-6.5-bin/6nifqtx7604sqp1q6g8wikw7p/gradle-6.5/lib/plugins/plexus-interpolation-1.14.jar
7f0b9c736000-7f0b9c738000 r--s 00000000 08:01 40244456                   /home/cesar/.gradle/wrapper/dists/gradle-6.5-bin/6nifqtx7604sqp1q6g8wikw7p/gradle-6.5/lib/plugins/plexus-component-annotations-1.5.5.jar
7f0b9c738000-7f0b9c73a000 r--s 00002000 08:01 40244454                   /home/cesar/.gradle/wrapper/dists/gradle-6.5-bin/6nifqtx7604sqp1q6g8wikw7p/gradle-6.5/lib/plugins/plexus-cipher-1.7.jar
7f0b9c73a000-7f0b9c73d000 r--s 00008000 08:01 40244451                   /home/cesar/.gradle/wrapper/dists/gradle-6.5-bin/6nifqtx7604sqp1q6g8wikw7p/gradle-6.5/lib/plugins/maven-settings-builder-3.0.5.jar
7f0b9c73d000-7f0b9c73f000 r--s 0000a000 08:01 40244452                   /home/cesar/.gradle/wrapper/dists/gradle-6.5-bin/6nifqtx7604sqp1q6g8wikw7p/gradle-6.5/lib/plugins/maven-settings-3.0.5.jar
7f0b9c73f000-7f0b9c741000 r--s 00006000 08:01 40244450                   /home/cesar/.gradle/wrapper/dists/gradle-6.5-bin/6nifqtx7604sqp1q6g8wikw7p/gradle-6.5/lib/plugins/maven-repository-metadata-3.0.5.jar
7f0b9c741000-7f0b9c745000 r--s 00021000 08:01 40244448                   /home/cesar/.gradle/wrapper/dists/gradle-6.5-bin/6nifqtx7604sqp1q6g8wikw7p/gradle-6.5/lib/plugins/maven-model-builder-3.0.5.jar
7f0b9c745000-7f0b9c747000 r--s 00026000 08:01 40244449                   /home/cesar/.gradle/wrapper/dists/gradle-6.5-bin/6nifqtx7604sqp1q6g8wikw7p/gradle-6.5/lib/plugins/maven-model-3.0.5.jar
7f0b9c747000-7f0b9c753000 r--s 0007d000 08:01 40244408                   /home/cesar/.gradle/wrapper/dists/gradle-6.5-bin/6nifqtx7604sqp1q6g8wikw7p/gradle-6.5/lib/plugins/maven-core-3.0.5.jar
7f0b9c753000-7f0b9c755000 r--s 0000b000 08:01 40244447                   /home/cesar/.gradle/wrapper/dists/gradle-6.5-bin/6nifqtx7604sqp1q6g8wikw7p/gradle-6.5/lib/plugins/maven-artifact-3.0.5.jar
7f0b9c755000-7f0b9c757000 r--s 0000c000 08:01 40244438                   /home/cesar/.gradle/wrapper/dists/gradle-6.5-bin/6nifqtx7604sqp1q6g8wikw7p/gradle-6.5/lib/plugins/maven-aether-provider-3.0.5.jar
7f0b9c757000-7f0b9c76c000 r--s 00116000 08:01 40244407                   /home/cesar/.gradle/wrapper/dists/gradle-6.5-bin/6nifqtx7604sqp1q6g8wikw7p/gradle-6.5/lib/plugins/ivy-2.3.0.jar
7f0b9c76c000-7f0b9c771000 r--s 00036000 08:01 40244406                   /home/cesar/.gradle/wrapper/dists/gradle-6.5-bin/6nifqtx7604sqp1q6g8wikw7p/gradle-6.5/lib/plugins/gson-2.8.5.jar
7f0b9c771000-7f0b9c772000 r--s 00014000 08:01 40244405                   /home/cesar/.gradle/wrapper/dists/gradle-6.5-bin/6nifqtx7604sqp1q6g8wikw7p/gradle-6.5/lib/plugins/asm-util-7.3.1.jar
7f0b9c772000-7f0b9c776000 r--s 0001c000 08:01 40244440                   /home/cesar/.gradle/wrapper/dists/gradle-6.5-bin/6nifqtx7604sqp1q6g8wikw7p/gradle-6.5/lib/plugins/aether-util-1.13.1.jar
7f0b9c776000-7f0b9c777000 r--s 00003000 08:01 40244441                   /home/cesar/.gradle/wrapper/dists/gradle-6.5-bin/6nifqtx7604sqp1q6g8wikw7p/gradle-6.5/lib/plugins/aether-spi-1.13.1.jar
7f0b9c777000-7f0b9c77a000 r--s 0001d000 08:01 40244439                   /home/cesar/.gradle/wrapper/dists/gradle-6.5-bin/6nifqtx7604sqp1q6g8wikw7p/gradle-6.5/lib/plugins/aether-impl-1.13.1.jar
7f0b9c77a000-7f0b9c77d000 r--s 00013000 08:01 40244442                   /home/cesar/.gradle/wrapper/dists/gradle-6.5-bin/6nifqtx7604sqp1q6g8wikw7p/gradle-6.5/lib/plugins/aether-api-1.13.1.jar
7f0b9c77d000-7f0b9c7b7000 r--s 00231000 08:01 40244380                   /home/cesar/.gradle/wrapper/dists/gradle-6.5-bin/6nifqtx7604sqp1q6g8wikw7p/gradle-6.5/lib/plugins/gradle-dependency-management-6.5.jar
7f0b9c7b7000-7f0b9c7b8000 r--s 00000000 08:01 40244286                   /home/cesar/.gradle/wrapper/dists/gradle-6.5-bin/6nifqtx7604sqp1q6g8wikw7p/gradle-6.5/lib/gradle-runtime-api-info-6.5.jar
7f0b9c7b8000-7f0b9c7bb000 r--s 0000d000 08:01 40244381                   /home/cesar/.gradle/wrapper/dists/gradle-6.5-bin/6nifqtx7604sqp1q6g8wikw7p/gradle-6.5/lib/plugins/gradle-composite-builds-6.5.jar
7f0b9c7bb000-7f0b9c7e0000 r--s 00281000 08:01 40244390                   /home/cesar/.gradle/wrapper/dists/gradle-6.5-bin/6nifqtx7604sqp1q6g8wikw7p/gradle-6.5/lib/plugins/org.eclipse.jgit-5.5.0.201909110433-r.jar
7f0b9c7e0000-7f0b9c7e2000 r--s 00010000 08:01 40244446                   /home/cesar/.gradle/wrapper/dists/gradle-6.5-bin/6nifqtx7604sqp1q6g8wikw7p/gradle-6.5/lib/plugins/jzlib-1.1.3.jar
7f0b9c7e2000-7f0b9c7e6000 r--s 00041000 08:01 40244431                   /home/cesar/.gradle/wrapper/dists/gradle-6.5-bin/6nifqtx7604sqp1q6g8wikw7p/gradle-6.5/lib/plugins/jsch-0.1.55.jar
7f0b9c7e6000-7f0b9c7fa000 r--s 000c0000 08:01 40244410                   /home/cesar/.gradle/wrapper/dists/gradle-6.5-bin/6nifqtx7604sqp1q6g8wikw7p/gradle-6.5/lib/plugins/bcpkix-jdk15on-1.61.jar
7f0b9c7fa000-7f0b9c7fd000 r--s 0000c000 08:01 40244379                   /home/cesar/.gradle/wrapper/dists/gradle-6.5-bin/6nifqtx7604sqp1q6g8wikw7p/gradle-6.5/lib/plugins/gradle-version-control-6.5.jar
7f0b9c7fd000-7f0b9c7fe000 r--s 00000000 08:01 40244283                   /home/cesar/.gradle/wrapper/dists/gradle-6.5-bin/6nifqtx7604sqp1q6g8wikw7p/gradle-6.5/lib/gradle-installation-beacon-6.5.jar
7f0b9c7fe000-7f0b9c85f000 r--s 0042c000 08:01 40244411                   /home/cesar/.gradle/wrapper/dists/gradle-6.5-bin/6nifqtx7604sqp1q6g8wikw7p/gradle-6.5/lib/plugins/bcprov-jdk15on-1.64.jar
7f0b9c85f000-7f0b9c867000 r--s 00049000 08:01 40244409                   /home/cesar/.gradle/wrapper/dists/gradle-6.5-bin/6nifqtx7604sqp1q6g8wikw7p/gradle-6.5/lib/plugins/bcpg-jdk15on-1.64.jar
7f0b9c867000-7f0b9c869000 r--s 00009000 08:01 40244385                   /home/cesar/.gradle/wrapper/dists/gradle-6.5-bin/6nifqtx7604sqp1q6g8wikw7p/gradle-6.5/lib/plugins/gradle-security-6.5.jar
7f0b9c869000-7f0b9c882000 r--s 0013a000 08:01 40244429                   /home/cesar/.gradle/wrapper/dists/gradle-6.5-bin/6nifqtx7604sqp1q6g8wikw7p/gradle-6.5/lib/plugins/xercesImpl-2.12.0.jar
7f0b9c882000-7f0b9c884000 r--s 0001d000 08:01 40244428                   /home/cesar/.gradle/wrapper/dists/gradle-6.5-bin/6nifqtx7604sqp1q6g8wikw7p/gradle-6.5/lib/plugins/nekohtml-1.9.22.jar
7f0b9c884000-7f0b9c88a000 r--s 0005b000 08:01 40244427                   /home/cesar/.gradle/wrapper/dists/gradle-6.5-bin/6nifqtx7604sqp1q6g8wikw7p/gradle-6.5/lib/plugins/jcifs-1.3.17.jar
7f0b9c88a000-7f0b9c892000 r--s 00049000 08:01 40244444                   /home/cesar/.gradle/wrapper/dists/gradle-6.5-bin/6nifqtx7604sqp1q6g8wikw7p/gradle-6.5/lib/plugins/httpcore-4.4.12.jar
7f0b9c892000-7f0b9c89f000 r--s 000b1000 08:01 40244401                   /home/cesar/.gradle/wrapper/dists/gradle-6.5-bin/6nifqtx7604sqp1q6g8wikw7p/gradle-6.5/lib/plugins/httpclient-4.5.10.jar
7f0b9c89f000-7f0b9c8a6000 r--s 0004e000 08:01 40244437                   /home/cesar/.gradle/wrapper/dists/gradle-6.5-bin/6nifqtx7604sqp1q6g8wikw7p/gradle-6.5/lib/plugins/commons-codec-1.13.jar
7f0b9c8a6000-7f0b9c8a8000 r--s 0000f000 08:01 40244386                   /home/cesar/.gradle/wrapper/dists/gradle-6.5-bin/6nifqtx7604sqp1q6g8wikw7p/gradle-6.5/lib/plugins/gradle-resources-http-6.5.jar
7f0b9c8a8000-7f0b9c8ab000 r--s 0000b000 08:01 40244377                   /home/cesar/.gradle/wrapper/dists/gradle-6.5-bin/6nifqtx7604sqp1q6g8wikw7p/gradle-6.5/lib/plugins/gradle-plugin-use-6.5.jar
7f0b9c8ab000-7f0b9c8af000 r--s 0001d000 08:01 40244389                   /home/cesar/.gradle/wrapper/dists/gradle-6.5-bin/6nifqtx7604sqp1q6g8wikw7p/gradle-6.5/lib/plugins/gradle-workers-6.5.jar
7f0b9c8af000-7f0b9c8b4000 r-xp 00000000 08:01 40241507                   /home/cesar/.gradle/native/f6784746aeab05261644944871eae4fe03e0ef1612fff0a4a95f87b438bc6780/linux-amd64/libnative-platform.so
7f0b9c8b4000-7f0b9cab4000 ---p 00005000 08:01 40241507                   /home/cesar/.gradle/native/f6784746aeab05261644944871eae4fe03e0ef1612fff0a4a95f87b438bc6780/linux-amd64/libnative-platform.so
7f0b9cab4000-7f0b9cab5000 r--p 00005000 08:01 40241507                   /home/cesar/.gradle/native/f6784746aeab05261644944871eae4fe03e0ef1612fff0a4a95f87b438bc6780/linux-amd64/libnative-platform.so
7f0b9cab5000-7f0b9cab6000 rw-p 00006000 08:01 40241507                   /home/cesar/.gradle/native/f6784746aeab05261644944871eae4fe03e0ef1612fff0a4a95f87b438bc6780/linux-amd64/libnative-platform.so
7f0b9cab6000-7f0b9cab9000 r--s 00008000 08:01 40242734                   /home/cesar/.gradle/wrapper/dists/gradle-6.5-bin/6nifqtx7604sqp1q6g8wikw7p/gradle-6.5/lib/gradle-build-events-6.5.jar
7f0b9cab9000-7f0b9cac4000 r--s 00081000 08:01 40244311                   /home/cesar/.gradle/wrapper/dists/gradle-6.5-bin/6nifqtx7604sqp1q6g8wikw7p/gradle-6.5/lib/trove4j-1.0.20181211.jar
7f0b9cac4000-7f0b9cac6000 r--s 00009000 08:01 40244309                   /home/cesar/.gradle/wrapper/dists/gradle-6.5-bin/6nifqtx7604sqp1q6g8wikw7p/gradle-6.5/lib/kotlin-script-runtime-1.3.72.jar
7f0b9cac6000-7f0b9cb00000 r--s 00284000 08:01 40244305                   /home/cesar/.gradle/wrapper/dists/gradle-6.5-bin/6nifqtx7604sqp1q6g8wikw7p/gradle-6.5/lib/kotlin-reflect-1.3.72.jar
7f0b9cb00000-7f0b9cb17000 r--s 00108000 08:01 40244310                   /home/cesar/.gradle/wrapper/dists/gradle-6.5-bin/6nifqtx7604sqp1q6g8wikw7p/gradle-6.5/lib/kotlin-daemon-embeddable-1.3.72.jar
7f0b9cb17000-7f0b9cd72000 r--s 023fe000 08:01 40244285                   /home/cesar/.gradle/wrapper/dists/gradle-6.5-bin/6nifqtx7604sqp1q6g8wikw7p/gradle-6.5/lib/kotlin-compiler-embeddable-1.3.72-patched-for-gradle-6.5.jar
7f0b9cd72000-7f0b9cd73000 r--s 00007000 08:01 40244280                   /home/cesar/.gradle/wrapper/dists/gradle-6.5-bin/6nifqtx7604sqp1q6g8wikw7p/gradle-6.5/lib/gradle-wrapper-6.5.jar
7f0b9cd73000-7f0b9cd83000 r--s 00050000 08:01 40242736                   /home/cesar/.gradle/wrapper/dists/gradle-6.5-bin/6nifqtx7604sqp1q6g8wikw7p/gradle-6.5/lib/gradle-tooling-api-6.5.jar
7f0b9cd83000-7f0b9cd84000 r--s 00000000 08:01 40244277                   /home/cesar/.gradle/wrapper/dists/gradle-6.5-bin/6nifqtx7604sqp1q6g8wikw7p/gradle-6.5/lib/gradle-kotlin-dsl-tooling-models-6.5.jar
7f0b9cd84000-7f0b9cd94000 r--s 0026b000 08:01 40244318                   /home/cesar/.gradle/wrapper/dists/gradle-6.5-bin/6nifqtx7604sqp1q6g8wikw7p/gradle-6.5/lib/kotlinx-metadata-jvm-0.1.0.jar
7f0b9cd94000-7f0b9cd95000 r--s 00003000 08:01 40244306                   /home/cesar/.gradle/wrapper/dists/gradle-6.5-bin/6nifqtx7604sqp1q6g8wikw7p/gradle-6.5/lib/kotlin-stdlib-jdk8-1.3.72.jar
7f0b9cd95000-7f0b9cd96000 r--s 00000000 08:01 40244307                   /home/cesar/.gradle/wrapper/dists/gradle-6.5-bin/6nifqtx7604sqp1q6g8wikw7p/gradle-6.5/lib/kotlin-stdlib-jdk7-1.3.72.jar
7f0b9cd96000-7f0b9cd99000 r--s 00019000 08:01 40244314                   /home/cesar/.gradle/wrapper/dists/gradle-6.5-bin/6nifqtx7604sqp1q6g8wikw7p/gradle-6.5/lib/kotlin-scripting-jvm-host-embeddable-1.3.72.jar
7f0b9cd99000-7f0b9cd9d000 r--s 00027000 08:01 40244313                   /home/cesar/.gradle/wrapper/dists/gradle-6.5-bin/6nifqtx7604sqp1q6g8wikw7p/gradle-6.5/lib/kotlin-scripting-jvm-1.3.72.jar
7f0b9cd9d000-7f0b9cda3000 r--s 00045000 08:01 40244316                   /home/cesar/.gradle/wrapper/dists/gradle-6.5-bin/6nifqtx7604sqp1q6g8wikw7p/gradle-6.5/lib/kotlin-scripting-compiler-impl-embeddable-1.3.72.jar
7f0b9cda3000-7f0b9cdab000 r--s 0004b000 08:01 40244315                   /home/cesar/.gradle/wrapper/dists/gradle-6.5-bin/6nifqtx7604sqp1q6g8wikw7p/gradle-6.5/lib/kotlin-scripting-compiler-embeddable-1.3.72.jar
7f0b9cdab000-7f0b9cdb0000 r--s 00026000 08:01 40244312                   /home/cesar/.gradle/wrapper/dists/gradle-6.5-bin/6nifqtx7604sqp1q6g8wikw7p/gradle-6.5/lib/kotlin-scripting-common-1.3.72.jar
7f0b9cdb0000-7f0b9cdb1000 r--s 00002000 08:01 40244317                   /home/cesar/.gradle/wrapper/dists/gradle-6.5-bin/6nifqtx7604sqp1q6g8wikw7p/gradle-6.5/lib/kotlin-sam-with-receiver-compiler-plugin-1.3.72.jar
7f0b9cdb1000-7f0b9cdca000 r--s 0013f000 08:01 40242735                   /home/cesar/.gradle/wrapper/dists/gradle-6.5-bin/6nifqtx7604sqp1q6g8wikw7p/gradle-6.5/lib/gradle-kotlin-dsl-6.5.jar
7f0b9cdca000-7f0b9cdcc000 r--s 00005000 08:01 40244263                   /home/cesar/.gradle/wrapper/dists/gradle-6.5-bin/6nifqtx7604sqp1q6g8wikw7p/gradle-6.5/lib/gradle-worker-processes-6.5.jar
7f0b9cdcc000-7f0b9cdce000 r--s 00005000 08:01 40244278                   /home/cesar/.gradle/wrapper/dists/gradle-6.5-bin/6nifqtx7604sqp1q6g8wikw7p/gradle-6.5/lib/gradle-normalization-java-6.5.jar
7f0b9cdce000-7f0b9cdd0000 r--s 00007000 08:01 40242745                   /home/cesar/.gradle/wrapper/dists/gradle-6.5-bin/6nifqtx7604sqp1q6g8wikw7p/gradle-6.5/lib/gradle-model-groovy-6.5.jar
7f0b9cdd0000-7f0b9cdd2000 r--s 00000000 08:01 40244261                   /home/cesar/.gradle/wrapper/dists/gradle-6.5-bin/6nifqtx7604sqp1q6g8wikw7p/gradle-6.5/lib/gradle-jvm-services-6.5.jar
7f0b9cdd2000-7f0b9cdd4000 r--s 0000a000 08:01 40244273                   /home/cesar/.gradle/wrapper/dists/gradle-6.5-bin/6nifqtx7604sqp1q6g8wikw7p/gradle-6.5/lib/gradle-file-watching-6.5.jar
7f0b9cdd4000-7f0b9cdd9000 r--s 00023000 08:01 40242744                   /home/cesar/.gradle/wrapper/dists/gradle-6.5-bin/6nifqtx7604sqp1q6g8wikw7p/gradle-6.5/lib/gradle-file-collections-6.5.jar
7f0b9cdd9000-7f0b9cde1000 r--s 00024000 08:01 40244327                   /home/cesar/.gradle/wrapper/dists/gradle-6.5-bin/6nifqtx7604sqp1q6g8wikw7p/gradle-6.5/lib/kotlin-stdlib-common-1.3.72.jar
7f0b9cde1000-7f0b9cdf5000 r--s 0013d000 08:01 40244308                   /home/cesar/.gradle/wrapper/dists/gradle-6.5-bin/6nifqtx7604sqp1q6g8wikw7p/gradle-6.5/lib/kotlin-stdlib-1.3.72.jar
7f0b9cdf5000-7f0b9cdf7000 r--s 00003000 08:01 40244323                   /home/cesar/.gradle/wrapper/dists/gradle-6.5-bin/6nifqtx7604sqp1q6g8wikw7p/gradle-6.5/lib/annotations-13.0.jar
7f0b9cdf7000-7f0b9ce10000 r--s 000eb000 08:01 40242746                   /home/cesar/.gradle/wrapper/dists/gradle-6.5-bin/6nifqtx7604sqp1q6g8wikw7p/gradle-6.5/lib/gradle-model-core-6.5.jar
7f0b9ce10000-7f0b9ce17000 r--s 0002d000 08:01 40242740                   /home/cesar/.gradle/wrapper/dists/gradle-6.5-bin/6nifqtx7604sqp1q6g8wikw7p/gradle-6.5/lib/gradle-execution-6.5.jar
7f0b9ce17000-7f0b9ce18000 r--s 00005000 08:01 40244282                   /home/cesar/.gradle/wrapper/dists/gradle-6.5-bin/6nifqtx7604sqp1q6g8wikw7p/gradle-6.5/lib/gradle-docs-6.5.jar
7f0b9ce18000-7f0b9ce1a000 r--s 00004000 08:01 40244270                   /home/cesar/.gradle/wrapper/dists/gradle-6.5-bin/6nifqtx7604sqp1q6g8wikw7p/gradle-6.5/lib/gradle-build-cache-packaging-6.5.jar
7f0b9ce1a000-7f0b9ce1e000 r--s 0001c000 08:01 40244274                   /home/cesar/.gradle/wrapper/dists/gradle-6.5-bin/6nifqtx7604sqp1q6g8wikw7p/gradle-6.5/lib/gradle-snapshots-6.5.jar
7f0b9ce1e000-7f0b9ce20000 r--s 00006000 08:01 40244265                   /home/cesar/.gradle/wrapper/dists/gradle-6.5-bin/6nifqtx7604sqp1q6g8wikw7p/gradle-6.5/lib/gradle-process-services-6.5.jar
7f0b9ce20000-7f0b9ce24000 r--s 00016000 08:01 40244266                   /home/cesar/.gradle/wrapper/dists/gradle-6.5-bin/6nifqtx7604sqp1q6g8wikw7p/gradle-6.5/lib/gradle-resources-6.5.jar
7f0b9ce24000-7f0b9ce2c000 r--s 00036000 08:01 40244262                   /home/cesar/.gradle/wrapper/dists/gradle-6.5-bin/6nifqtx7604sqp1q6g8wikw7p/gradle-6.5/lib/gradle-persistent-cache-6.5.jar
7f0b9ce2c000-7f0b9ce2f000 r--s 0000d000 08:01 40244268                   /home/cesar/.gradle/wrapper/dists/gradle-6.5-bin/6nifqtx7604sqp1q6g8wikw7p/gradle-6.5/lib/gradle-native-6.5.jar
7f0b9ce2f000-7f0b9ce31000 r--s 0000c000 08:01 40244322                   /home/cesar/.gradle/wrapper/dists/gradle-6.5-bin/6nifqtx7604sqp1q6g8wikw7p/gradle-6.5/lib/objenesis-2.6.jar
7f0b9ce31000-7f0b9ce33000 r--s 00000000 08:01 40244325                   /home/cesar/.gradle/wrapper/dists/gradle-6.5-bin/6nifqtx7604sqp1q6g8wikw7p/gradle-6.5/lib/minlog-1.2.jar
7f0b9ce33000-7f0b9ce39000 r--s 0004d000 08:01 40244321                   /home/cesar/.gradle/wrapper/dists/gradle-6.5-bin/6nifqtx7604sqp1q6g8wikw7p/gradle-6.5/lib/kryo-2.24.0.jar
7f0b9ce39000-7f0b9ce3f000 r--s 0006d000 08:01 40244320                   /home/cesar/.gradle/wrapper/dists/gradle-6.5-bin/6nifqtx7604sqp1q6g8wikw7p/gradle-6.5/lib/fastutil-8.3.0-min.jar
7f0b9ce3f000-7f0b9ce46000 r--s 00031000 08:01 40244267                   /home/cesar/.gradle/wrapper/dists/gradle-6.5-bin/6nifqtx7604sqp1q6g8wikw7p/gradle-6.5/lib/gradle-messaging-6.5.jar
7f0b9ce46000-7f0b9ce48000 r--s 00005000 08:01 40244281                   /home/cesar/.gradle/wrapper/dists/gradle-6.5-bin/6nifqtx7604sqp1q6g8wikw7p/gradle-6.5/lib/gradle-cli-6.5.jar
7f0b9ce48000-7f0b9ce49000 r--s 00004000 08:01 40244272                   /home/cesar/.gradle/wrapper/dists/gradle-6.5-bin/6nifqtx7604sqp1q6g8wikw7p/gradle-6.5/lib/gradle-build-option-6.5.jar
7f0b9ce49000-7f0b9ce4b000 r--s 00004000 08:01 40244290                   /home/cesar/.gradle/wrapper/dists/gradle-6.5-bin/6nifqtx7604sqp1q6g8wikw7p/gradle-6.5/lib/log4j-over-slf4j-1.7.28.jar
7f0b9ce4b000-7f0b9ce4d000 r--s 00000000 08:01 40244289                   /home/cesar/.gradle/wrapper/dists/gradle-6.5-bin/6nifqtx7604sqp1q6g8wikw7p/gradle-6.5/lib/jul-to-slf4j-1.7.28.jar
7f0b9ce4d000-7f0b9ce4f000 r--s 00003000 08:01 40244288                   /home/cesar/.gradle/wrapper/dists/gradle-6.5-bin/6nifqtx7604sqp1q6g8wikw7p/gradle-6.5/lib/jcl-over-slf4j-1.7.28.jar
7f0b9ce4f000-7f0b9ce53000 r--s 00043000 08:01 40244319                   /home/cesar/.gradle/wrapper/dists/gradle-6.5-bin/6nifqtx7604sqp1q6g8wikw7p/gradle-6.5/lib/jansi-1.18.jar
7f0b9ce53000-7f0b9ce5c000 r--s 0003c000 08:01 40244264                   /home/cesar/.gradle/wrapper/dists/gradle-6.5-bin/6nifqtx7604sqp1q6g8wikw7p/gradle-6.5/lib/gradle-logging-6.5.jar
7f0b9ce5c000-7f0b9ce5e000 r--s 00009000 08:01 40244275                   /home/cesar/.gradle/wrapper/dists/gradle-6.5-bin/6nifqtx7604sqp1q6g8wikw7p/gradle-6.5/lib/gradle-files-6.5.jar
7f0b9ce5e000-7f0b9ce60000 r--s 00001000 08:01 40244271                   /home/cesar/.gradle/wrapper/dists/gradle-6.5-bin/6nifqtx7604sqp1q6g8wikw7p/gradle-6.5/lib/gradle-build-cache-base-6.5.jar
7f0b9ce60000-7f0b9ce64000 r--s 0000c000 08:01 40242743                   /home/cesar/.gradle/wrapper/dists/gradle-6.5-bin/6nifqtx7604sqp1q6g8wikw7p/gradle-6.5/lib/gradle-build-cache-6.5.jar
7f0b9ce64000-7f0b9ce65000 r--s 00006000 08:01 40242749                   /home/cesar/.gradle/wrapper/dists/gradle-6.5-bin/6nifqtx7604sqp1q6g8wikw7p/gradle-6.5/lib/gradle-base-services-groovy-6.5.jar
7f0b9ce65000-7f0b9ce6e000 r--s 0002d000 08:01 40244304                   /home/cesar/.gradle/wrapper/dists/gradle-6.5-bin/6nifqtx7604sqp1q6g8wikw7p/gradle-6.5/lib/xml-apis-1.4.01.jar
7f0b9ce6e000-7f0b9ce6f000 r--s 00078000 08:01 40244335                   /home/cesar/.gradle/wrapper/dists/gradle-6.5-bin/6nifqtx7604sqp1q6g8wikw7p/gradle-6.5/lib/native-platform-windows-i386-min-0.22-milestone-3.jar
7f0b9ce6f000-7f0b9ce70000 r--s 00078000 08:01 40244334                   /home/cesar/.gradle/wrapper/dists/gradle-6.5-bin/6nifqtx7604sqp1q6g8wikw7p/gradle-6.5/lib/native-platform-windows-i386-0.22-milestone-3.jar
7f0b9ce70000-7f0b9ce72000 r--s 00092000 08:01 40244333                   /home/cesar/.gradle/wrapper/dists/gradle-6.5-bin/6nifqtx7604sqp1q6g8wikw7p/gradle-6.5/lib/native-platform-windows-amd64-min-0.22-milestone-3.jar
7f0b9ce72000-7f0b9ce73000 r--s 00093000 08:01 40244332                   /home/cesar/.gradle/wrapper/dists/gradle-6.5-bin/6nifqtx7604sqp1q6g8wikw7p/gradle-6.5/lib/native-platform-windows-amd64-0.22-milestone-3.jar
7f0b9ce73000-7f0b9ce74000 r--s 00017000 08:01 40244331                   /home/cesar/.gradle/wrapper/dists/gradle-6.5-bin/6nifqtx7604sqp1q6g8wikw7p/gradle-6.5/lib/native-platform-osx-amd64-0.22-milestone-3.jar
7f0b9ce74000-7f0b9ce75000 r--s 00001000 08:01 40244339                   /home/cesar/.gradle/wrapper/dists/gradle-6.5-bin/6nifqtx7604sqp1q6g8wikw7p/gradle-6.5/lib/native-platform-linux-amd64-ncurses6-0.22-milestone-3.jar
7f0b9ce75000-7f0b9ce77000 r--s 00001000 08:01 40244338                   /home/cesar/.gradle/wrapper/dists/gradle-6.5-bin/6nifqtx7604sqp1q6g8wikw7p/gradle-6.5/lib/native-platform-linux-amd64-ncurses5-0.22-milestone-3.jar
7f0b9ce77000-7f0b9ce78000 r--s 0005b000 08:01 40244330                   /home/cesar/.gradle/wrapper/dists/gradle-6.5-bin/6nifqtx7604sqp1q6g8wikw7p/gradle-6.5/lib/native-platform-linux-amd64-0.22-milestone-3.jar
7f0b9ce78000-7f0b9ce79000 r--s 00002000 08:01 40244337                   /home/cesar/.gradle/wrapper/dists/gradle-6.5-bin/6nifqtx7604sqp1q6g8wikw7p/gradle-6.5/lib/native-platform-linux-aarch64-ncurses6-0.22-milestone-3.jar
7f0b9ce79000-7f0b9ce7e000 r--s 0001f000 08:01 40244303                   /home/cesar/.gradle/wrapper/dists/gradle-6.5-bin/6nifqtx7604sqp1q6g8wikw7p/gradle-6.5/lib/native-platform-0.22-milestone-3.jar
7f0b9ce7e000-7f0b9cefe000 r--s 00782000 08:01 40244299                   /home/cesar/.gradle/wrapper/dists/gradle-6.5-bin/6nifqtx7604sqp1q6g8wikw7p/gradle-6.5/lib/groovy-all-1.3-2.5.11.jar
7f0b9cefe000-7f0b9feff000 rw-p 00000000 00:00 0 
7f0b9feff000-7f0b9ff00000 ---p 00000000 00:00 0 
7f0b9ff00000-7f0ba0000000 rw-p 00000000 00:00 0 
7f0ba0000000-7f0ba0021000 rw-p 00000000 00:00 0 
7f0ba0021000-7f0ba4000000 ---p 00000000 00:00 0 
7f0ba4000000-7f0ba8000000 rw-p 00000000 00:00 0 
7f0ba8000000-7f0ba8021000 rw-p 00000000 00:00 0 
7f0ba8021000-7f0bac000000 ---p 00000000 00:00 0 
7f0bac000000-7f0bac002000 r--s 00001000 08:01 40244336                   /home/cesar/.gradle/wrapper/dists/gradle-6.5-bin/6nifqtx7604sqp1q6g8wikw7p/gradle-6.5/lib/native-platform-linux-aarch64-ncurses5-0.22-milestone-3.jar
7f0bac002000-7f0bac00e000 r--s 0008b000 08:01 40244301                   /home/cesar/.gradle/wrapper/dists/gradle-6.5-bin/6nifqtx7604sqp1q6g8wikw7p/gradle-6.5/lib/commons-compress-1.19.jar
7f0bac00e000-7f0bac011000 ---p 00000000 00:00 0 
7f0bac011000-7f0bac10f000 rw-p 00000000 00:00 0 
7f0bac10f000-7f0bac110000 ---p 00000000 00:00 0 
7f0bac110000-7f0bac113000 ---p 00000000 00:00 0 
7f0bac113000-7f0bac210000 rw-p 00000000 00:00 0 
7f0bac210000-7f0bac211000 ---p 00000000 00:00 0 
7f0bac211000-7f0bac214000 ---p 00000000 00:00 0 
7f0bac214000-7f0bac311000 rw-p 00000000 00:00 0 
7f0bac311000-7f0bac312000 ---p 00000000 00:00 0 
7f0bac312000-7f0bac315000 ---p 00000000 00:00 0 
7f0bac315000-7f0bac412000 rw-p 00000000 00:00 0 
7f0bac412000-7f0bac415000 ---p 00000000 00:00 0 
7f0bac415000-7f0bac513000 rw-p 00000000 00:00 0 
7f0bac513000-7f0bac7f8000 r--p 00000000 08:01 39584191                   /usr/lib/locale/locale-archive
7f0bac7f8000-7f0bac7fb000 ---p 00000000 00:00 0 
7f0bac7fb000-7f0bac8f9000 rw-p 00000000 00:00 0 
7f0bac8f9000-7f0bac8fc000 ---p 00000000 00:00 0 
7f0bac8fc000-7f0bac9fa000 rw-p 00000000 00:00 0 
7f0bac9fa000-7f0bac9fb000 ---p 00000000 00:00 0 
7f0bac9fb000-7f0bad000000 rw-p 00000000 00:00 0 
7f0bad000000-7f0bad630000 rwxp 00000000 00:00 0 
7f0bad630000-7f0bbc000000 ---p 00000000 00:00 0 
7f0bbc000000-7f0bbd287000 rw-p 00000000 00:00 0 
7f0bbd287000-7f0bc0000000 ---p 00000000 00:00 0 
7f0bc0000000-7f0bc0002000 r--s 00059000 08:01 40244329                   /home/cesar/.gradle/wrapper/dists/gradle-6.5-bin/6nifqtx7604sqp1q6g8wikw7p/gradle-6.5/lib/native-platform-linux-aarch64-0.22-milestone-3.jar
7f0bc0002000-7f0bc0003000 r--s 00004000 08:01 40244328                   /home/cesar/.gradle/wrapper/dists/gradle-6.5-bin/6nifqtx7604sqp1q6g8wikw7p/gradle-6.5/lib/native-platform-freebsd-amd64-libcpp-0.22-milestone-3.jar
7f0bc0003000-7f0bc0004000 r--s 00000000 08:01 40244300                   /home/cesar/.gradle/wrapper/dists/gradle-6.5-bin/6nifqtx7604sqp1q6g8wikw7p/gradle-6.5/lib/javax.inject-1.jar
7f0bc0004000-7f0bc0006000 r--s 0000b000 08:01 40244297                   /home/cesar/.gradle/wrapper/dists/gradle-6.5-bin/6nifqtx7604sqp1q6g8wikw7p/gradle-6.5/lib/asm-tree-7.3.1.jar
7f0bc0006000-7f0bc0008000 r--s 00010000 08:01 40244295                   /home/cesar/.gradle/wrapper/dists/gradle-6.5-bin/6nifqtx7604sqp1q6g8wikw7p/gradle-6.5/lib/asm-commons-7.3.1.jar
7f0bc0008000-7f0bc000a000 r--s 00007000 08:01 40244296                   /home/cesar/.gradle/wrapper/dists/gradle-6.5-bin/6nifqtx7604sqp1q6g8wikw7p/gradle-6.5/lib/asm-analysis-7.3.1.jar
7f0bc000a000-7f0bc000c000 r--s 00003000 08:01 40244276                   /home/cesar/.gradle/wrapper/dists/gradle-6.5-bin/6nifqtx7604sqp1q6g8wikw7p/gradle-6.5/lib/gradle-hashing-6.5.jar
7f0bc000c000-7f0bc000e000 r--s 00003000 08:01 40244287                   /home/cesar/.gradle/wrapper/dists/gradle-6.5-bin/6nifqtx7604sqp1q6g8wikw7p/gradle-6.5/lib/jsr305-3.0.2.jar
7f0bc000e000-7f0bc0010000 r--s 00009000 08:01 40244291                   /home/cesar/.gradle/wrapper/dists/gradle-6.5-bin/6nifqtx7604sqp1q6g8wikw7p/gradle-6.5/lib/slf4j-api-1.7.28.jar
7f0bc0010000-7f0bc0040000 r--s 0024c000 08:01 40244292                   /home/cesar/.gradle/wrapper/dists/gradle-6.5-bin/6nifqtx7604sqp1q6g8wikw7p/gradle-6.5/lib/guava-27.1-android.jar
7f0bc0040000-7f0bc0042000 r--s 00000000 08:01 40244326                   /home/cesar/.gradle/wrapper/dists/gradle-6.5-bin/6nifqtx7604sqp1q6g8wikw7p/gradle-6.5/lib/failureaccess-1.0.1.jar
7f0bc0042000-7f0bc0047000 r--s 00041000 08:01 40244293                   /home/cesar/.gradle/wrapper/dists/gradle-6.5-bin/6nifqtx7604sqp1q6g8wikw7p/gradle-6.5/lib/commons-lang-2.6.jar
7f0bc0047000-7f0bc004b000 r--s 00031000 08:01 40244294                   /home/cesar/.gradle/wrapper/dists/gradle-6.5-bin/6nifqtx7604sqp1q6g8wikw7p/gradle-6.5/lib/commons-io-2.6.jar
7f0bc004b000-7f0bc006b000 r--s 00204000 08:01 40244302                   /home/cesar/.gradle/wrapper/dists/gradle-6.5-bin/6nifqtx7604sqp1q6g8wikw7p/gradle-6.5/lib/ant-1.10.7.jar
7f0bc006b000-7f0bc00a8000 r--s 0021d000 08:01 40242739                   /home/cesar/.gradle/wrapper/dists/gradle-6.5-bin/6nifqtx7604sqp1q6g8wikw7p/gradle-6.5/lib/gradle-core-6.5.jar
7f0bc00a8000-7f0bc00b7000 r--s 00047000 08:01 40242748                   /home/cesar/.gradle/wrapper/dists/gradle-6.5-bin/6nifqtx7604sqp1q6g8wikw7p/gradle-6.5/lib/gradle-core-api-6.5.jar
7f0bc00b7000-7f0bc00c4000 r--s 00063000 08:01 40244269                   /home/cesar/.gradle/wrapper/dists/gradle-6.5-bin/6nifqtx7604sqp1q6g8wikw7p/gradle-6.5/lib/gradle-base-services-6.5.jar
7f0bc00c4000-7f0bc00db000 r-xp 00000000 08:01 39981800                   /home/cesar/Programs/android-studio/jre/jre/lib/amd64/libnet.so
7f0bc00db000-7f0bc00dc000 r--p 00016000 08:01 39981800                   /home/cesar/Programs/android-studio/jre/jre/lib/amd64/libnet.so
7f0bc00dc000-7f0bc00dd000 rw-p 00017000 08:01 39981800                   /home/cesar/Programs/android-studio/jre/jre/lib/amd64/libnet.so
7f0bc00dd000-7f0bc00ed000 r-xp 00000000 08:01 39981791                   /home/cesar/Programs/android-studio/jre/jre/lib/amd64/libnio.so
7f0bc00ed000-7f0bc00ee000 ---p 00010000 08:01 39981791                   /home/cesar/Programs/android-studio/jre/jre/lib/amd64/libnio.so
7f0bc00ee000-7f0bc00ef000 r--p 00010000 08:01 39981791                   /home/cesar/Programs/android-studio/jre/jre/lib/amd64/libnio.so
7f0bc00ef000-7f0bc00f0000 rw-p 00011000 08:01 39981791                   /home/cesar/Programs/android-studio/jre/jre/lib/amd64/libnio.so
7f0bc00f0000-7f0bc0bed000 rw-p 00000000 00:00 0 
7f0bc0bed000-7f0bc0dc0000 r--s 03cdf000 08:01 39981763                   /home/cesar/Programs/android-studio/jre/jre/lib/rt.jar
7f0bc0dc0000-7f0bc1ae1000 rw-p 00000000 00:00 0 
7f0bc1ae1000-7f0bc1ae2000 ---p 00000000 00:00 0 
7f0bc1ae2000-7f0bc1be2000 rw-p 00000000 00:00 0 
7f0bc1be2000-7f0bc1be3000 ---p 00000000 00:00 0 
7f0bc1be3000-7f0bc1ce3000 rw-p 00000000 00:00 0 
7f0bc1ce3000-7f0bc1ce4000 ---p 00000000 00:00 0 
7f0bc1ce4000-7f0bc1de4000 rw-p 00000000 00:00 0 
7f0bc1de4000-7f0bc1de5000 ---p 00000000 00:00 0 
7f0bc1de5000-7f0bc1f0f000 rw-p 00000000 00:00 0 
7f0bc1f0f000-7f0bc2190000 ---p 00000000 00:00 0 
7f0bc2190000-7f0bc21ba000 rw-p 00000000 00:00 0 
7f0bc21ba000-7f0bc243a000 ---p 00000000 00:00 0 
7f0bc243a000-7f0bc2485000 rw-p 00000000 00:00 0 
7f0bc2485000-7f0bc2590000 ---p 00000000 00:00 0 
7f0bc2590000-7f0bc25aa000 rw-p 00000000 00:00 0 
7f0bc25aa000-7f0bc2951000 ---p 00000000 00:00 0 
7f0bc2951000-7f0bc296c000 r-xp 00000000 08:01 39981799                   /home/cesar/Programs/android-studio/jre/jre/lib/amd64/libzip.so
7f0bc296c000-7f0bc296d000 r--p 0001a000 08:01 39981799                   /home/cesar/Programs/android-studio/jre/jre/lib/amd64/libzip.so
7f0bc296d000-7f0bc296e000 rw-p 0001b000 08:01 39981799                   /home/cesar/Programs/android-studio/jre/jre/lib/amd64/libzip.so
7f0bc296e000-7f0bc2971000 r--p 00000000 08:01 39584435                   /usr/lib/x86_64-linux-gnu/libnss_files-2.28.so
7f0bc2971000-7f0bc2978000 r-xp 00003000 08:01 39584435                   /usr/lib/x86_64-linux-gnu/libnss_files-2.28.so
7f0bc2978000-7f0bc297a000 r--p 0000a000 08:01 39584435                   /usr/lib/x86_64-linux-gnu/libnss_files-2.28.so
7f0bc297a000-7f0bc297b000 ---p 0000c000 08:01 39584435                   /usr/lib/x86_64-linux-gnu/libnss_files-2.28.so
7f0bc297b000-7f0bc297c000 r--p 0000c000 08:01 39584435                   /usr/lib/x86_64-linux-gnu/libnss_files-2.28.so
7f0bc297c000-7f0bc297d000 rw-p 0000d000 08:01 39584435                   /usr/lib/x86_64-linux-gnu/libnss_files-2.28.so
7f0bc297d000-7f0bc2983000 rw-p 00000000 00:00 0 
7f0bc2983000-7f0bc2985000 r--s 0001c000 08:01 40244298                   /home/cesar/.gradle/wrapper/dists/gradle-6.5-bin/6nifqtx7604sqp1q6g8wikw7p/gradle-6.5/lib/asm-7.3.1.jar
7f0bc2985000-7f0bc2991000 r--s 00068000 08:01 40242732                   /home/cesar/.gradle/wrapper/dists/gradle-6.5-bin/6nifqtx7604sqp1q6g8wikw7p/gradle-6.5/lib/gradle-launcher-6.5.jar
7f0bc2991000-7f0bc2999000 rw-s 00000000 08:01 19398689                   /tmp/hsperfdata_cesar/2251
7f0bc2999000-7f0bc29c1000 r-xp 00000000 08:01 39981798                   /home/cesar/Programs/android-studio/jre/jre/lib/amd64/libjava.so
7f0bc29c1000-7f0bc29c2000 r--p 00027000 08:01 39981798                   /home/cesar/Programs/android-studio/jre/jre/lib/amd64/libjava.so
7f0bc29c2000-7f0bc29c4000 rw-p 00028000 08:01 39981798                   /home/cesar/Programs/android-studio/jre/jre/lib/amd64/libjava.so
7f0bc29c4000-7f0bc29c6000 r--p 00000000 08:01 39584443                   /usr/lib/x86_64-linux-gnu/librt-2.28.so
7f0bc29c6000-7f0bc29ca000 r-xp 00002000 08:01 39584443                   /usr/lib/x86_64-linux-gnu/librt-2.28.so
7f0bc29ca000-7f0bc29cc000 r--p 00006000 08:01 39584443                   /usr/lib/x86_64-linux-gnu/librt-2.28.so
7f0bc29cc000-7f0bc29cd000 r--p 00007000 08:01 39584443                   /usr/lib/x86_64-linux-gnu/librt-2.28.so
7f0bc29cd000-7f0bc29ce000 rw-p 00008000 08:01 39584443                   /usr/lib/x86_64-linux-gnu/librt-2.28.so
7f0bc29ce000-7f0bc29cf000 ---p 00000000 00:00 0 
7f0bc29cf000-7f0bc29d2000 ---p 00000000 00:00 0 
7f0bc29d2000-7f0bc2acf000 rw-p 00000000 00:00 0 
7f0bc2acf000-7f0bc2adc000 r--p 00000000 08:01 39584426                   /usr/lib/x86_64-linux-gnu/libm-2.28.so
7f0bc2adc000-7f0bc2b7b000 r-xp 0000d000 08:01 39584426                   /usr/lib/x86_64-linux-gnu/libm-2.28.so
7f0bc2b7b000-7f0bc2c50000 r--p 000ac000 08:01 39584426                   /usr/lib/x86_64-linux-gnu/libm-2.28.so
7f0bc2c50000-7f0bc2c51000 r--p 00180000 08:01 39584426                   /usr/lib/x86_64-linux-gnu/libm-2.28.so
7f0bc2c51000-7f0bc2c52000 rw-p 00181000 08:01 39584426                   /usr/lib/x86_64-linux-gnu/libm-2.28.so
7f0bc2c52000-7f0bc3881000 r-xp 00000000 08:01 39981773                   /home/cesar/Programs/android-studio/jre/jre/lib/amd64/server/libjvm.so
7f0bc3881000-7f0bc3929000 r--p 00c2e000 08:01 39981773                   /home/cesar/Programs/android-studio/jre/jre/lib/amd64/server/libjvm.so
7f0bc3929000-7f0bc3952000 rw-p 00cd6000 08:01 39981773                   /home/cesar/Programs/android-studio/jre/jre/lib/amd64/server/libjvm.so
7f0bc3952000-7f0bc3998000 rw-p 00000000 00:00 0 
7f0bc3998000-7f0bc39ba000 r--p 00000000 08:01 39584423                   /usr/lib/x86_64-linux-gnu/libc-2.28.so
7f0bc39ba000-7f0bc3b02000 r-xp 00022000 08:01 39584423                   /usr/lib/x86_64-linux-gnu/libc-2.28.so
7f0bc3b02000-7f0bc3b4e000 r--p 0016a000 08:01 39584423                   /usr/lib/x86_64-linux-gnu/libc-2.28.so
7f0bc3b4e000-7f0bc3b4f000 ---p 001b6000 08:01 39584423                   /usr/lib/x86_64-linux-gnu/libc-2.28.so
7f0bc3b4f000-7f0bc3b53000 r--p 001b6000 08:01 39584423                   /usr/lib/x86_64-linux-gnu/libc-2.28.so
7f0bc3b53000-7f0bc3b55000 rw-p 001ba000 08:01 39584423                   /usr/lib/x86_64-linux-gnu/libc-2.28.so
7f0bc3b55000-7f0bc3b59000 rw-p 00000000 00:00 0 
7f0bc3b59000-7f0bc3b5a000 r--p 00000000 08:01 39584425                   /usr/lib/x86_64-linux-gnu/libdl-2.28.so
7f0bc3b5a000-7f0bc3b5b000 r-xp 00001000 08:01 39584425                   /usr/lib/x86_64-linux-gnu/libdl-2.28.so
7f0bc3b5b000-7f0bc3b5c000 r--p 00002000 08:01 39584425                   /usr/lib/x86_64-linux-gnu/libdl-2.28.so
7f0bc3b5c000-7f0bc3b5d000 r--p 00002000 08:01 39584425                   /usr/lib/x86_64-linux-gnu/libdl-2.28.so
7f0bc3b5d000-7f0bc3b5e000 rw-p 00003000 08:01 39584425                   /usr/lib/x86_64-linux-gnu/libdl-2.28.so
7f0bc3b5e000-7f0bc3b74000 r-xp 00000000 08:01 40117867                   /home/cesar/Programs/android-studio/jre/lib/amd64/jli/libjli.so
7f0bc3b74000-7f0bc3b75000 r--p 00015000 08:01 40117867                   /home/cesar/Programs/android-studio/jre/lib/amd64/jli/libjli.so
7f0bc3b75000-7f0bc3b76000 rw-p 00016000 08:01 40117867                   /home/cesar/Programs/android-studio/jre/lib/amd64/jli/libjli.so
7f0bc3b76000-7f0bc3b7c000 r--p 00000000 08:01 39584441                   /usr/lib/x86_64-linux-gnu/libpthread-2.28.so
7f0bc3b7c000-7f0bc3b8b000 r-xp 00006000 08:01 39584441                   /usr/lib/x86_64-linux-gnu/libpthread-2.28.so
7f0bc3b8b000-7f0bc3b91000 r--p 00015000 08:01 39584441                   /usr/lib/x86_64-linux-gnu/libpthread-2.28.so
7f0bc3b91000-7f0bc3b92000 r--p 0001a000 08:01 39584441                   /usr/lib/x86_64-linux-gnu/libpthread-2.28.so
7f0bc3b92000-7f0bc3b93000 rw-p 0001b000 08:01 39584441                   /usr/lib/x86_64-linux-gnu/libpthread-2.28.so
7f0bc3b93000-7f0bc3b97000 rw-p 00000000 00:00 0 
7f0bc3b97000-7f0bc3b98000 r--s 00000000 08:01 40244279                   /home/cesar/.gradle/wrapper/dists/gradle-6.5-bin/6nifqtx7604sqp1q6g8wikw7p/gradle-6.5/lib/gradle-base-annotations-6.5.jar
7f0bc3b98000-7f0bc3b99000 r--s 00004000 08:01 40244324                   /home/cesar/.gradle/wrapper/dists/gradle-6.5-bin/6nifqtx7604sqp1q6g8wikw7p/gradle-6.5/lib/ant-launcher-1.10.7.jar
7f0bc3b99000-7f0bc3b9b000 r--s 00001000 08:01 40242733                   /home/cesar/.gradle/wrapper/dists/gradle-6.5-bin/6nifqtx7604sqp1q6g8wikw7p/gradle-6.5/lib/gradle-bootstrap-6.5.jar
7f0bc3b9b000-7f0bc3b9c000 rw-p 00000000 00:00 0 
7f0bc3b9c000-7f0bc3b9d000 ---p 00000000 00:00 0 
7f0bc3b9d000-7f0bc3baa000 r-xp 00000000 08:01 39981780                   /home/cesar/Programs/android-studio/jre/jre/lib/amd64/libverify.so
7f0bc3baa000-7f0bc3bac000 r--p 0000c000 08:01 39981780                   /home/cesar/Programs/android-studio/jre/jre/lib/amd64/libverify.so
7f0bc3bac000-7f0bc3bad000 rw-p 0000e000 08:01 39981780                   /home/cesar/Programs/android-studio/jre/jre/lib/amd64/libverify.so
7f0bc3bad000-7f0bc3baf000 rw-p 00000000 00:00 0 
7f0bc3baf000-7f0bc3bb0000 r--p 00000000 08:01 39583760                   /usr/lib/x86_64-linux-gnu/ld-2.28.so
7f0bc3bb0000-7f0bc3bce000 r-xp 00001000 08:01 39583760                   /usr/lib/x86_64-linux-gnu/ld-2.28.so
7f0bc3bce000-7f0bc3bd6000 r--p 0001f000 08:01 39583760                   /usr/lib/x86_64-linux-gnu/ld-2.28.so
7f0bc3bd6000-7f0bc3bd7000 r--p 00026000 08:01 39583760                   /usr/lib/x86_64-linux-gnu/ld-2.28.so
7f0bc3bd7000-7f0bc3bd8000 rw-p 00027000 08:01 39583760                   /usr/lib/x86_64-linux-gnu/ld-2.28.so
7f0bc3bd8000-7f0bc3bd9000 rw-p 00000000 00:00 0 
7ffe268c7000-7ffe268e8000 rw-p 00000000 00:00 0                          [stack]
7ffe269f9000-7ffe269fc000 r--p 00000000 00:00 0                          [vvar]
7ffe269fc000-7ffe269fe000 r-xp 00000000 00:00 0                          [vdso]

VM Arguments:
jvm_args: -Xmx2048m -Dfile.encoding=UTF-8 -Duser.country=US -Duser.language=en -Duser.variant 
java_command: org.gradle.launcher.daemon.bootstrap.GradleDaemon 6.5
java_class_path (initial): /home/cesar/.gradle/wrapper/dists/gradle-6.5-bin/6nifqtx7604sqp1q6g8wikw7p/gradle-6.5/lib/gradle-launcher-6.5.jar
Launcher Type: SUN_STANDARD

Environment Variables:
PATH=/usr/local/bin:/usr/bin:/bin:/usr/local/games:/usr/games
SHELL=/bin/bash
DISPLAY=:0

Signal Handlers:
SIGSEGV: [libjvm.so+0xa13c80], sa_mask[0]=11111111011111111101111111111110, sa_flags=SA_RESTART|SA_SIGINFO
SIGBUS: [libjvm.so+0xa13c80], sa_mask[0]=11111111011111111101111111111110, sa_flags=SA_RESTART|SA_SIGINFO
SIGFPE: [libjvm.so+0x874670], sa_mask[0]=11111111011111111101111111111110, sa_flags=SA_RESTART|SA_SIGINFO
SIGPIPE: [libjvm.so+0x874670], sa_mask[0]=11111111011111111101111111111110, sa_flags=SA_RESTART|SA_SIGINFO
SIGXFSZ: [libjvm.so+0x874670], sa_mask[0]=11111111011111111101111111111110, sa_flags=SA_RESTART|SA_SIGINFO
SIGILL: [libjvm.so+0x874670], sa_mask[0]=11111111011111111101111111111110, sa_flags=SA_RESTART|SA_SIGINFO
SIGUSR1: SIG_DFL, sa_mask[0]=00000000000000000000000000000000, sa_flags=none
SIGUSR2: [libjvm.so+0x874540], sa_mask[0]=00100000000000000000000000000000, sa_flags=SA_RESTART|SA_SIGINFO
SIGHUP: [libjvm.so+0x874730], sa_mask[0]=11111111011111111101111111111110, sa_flags=SA_RESTART|SA_SIGINFO
SIGINT: [libjvm.so+0x874730], sa_mask[0]=11111111011111111101111111111110, sa_flags=SA_RESTART|SA_SIGINFO
SIGTERM: [libjvm.so+0x874730], sa_mask[0]=11111111011111111101111111111110, sa_flags=SA_RESTART|SA_SIGINFO
SIGQUIT: [libjvm.so+0x874730], sa_mask[0]=11111111011111111101111111111110, sa_flags=SA_RESTART|SA_SIGINFO


---------------  S Y S T E M  ---------------

OS:PRETTY_NAME="Debian GNU/Linux 10 (buster)"
NAME="Debian GNU/Linux"
VERSION_ID="10"
VERSION="10 (buster)"
VERSION_CODENAME=buster
ID=debian
HOME_URL="https://www.debian.org/"
SUPPORT_URL="https://www.debian.org/support"
BUG_REPORT_URL="https://bugs.debian.org/"

uname:Linux 4.19.0-11-amd64 #1 SMP Debian 4.19.146-1 (2020-09-17) x86_64
libc:glibc 2.28 NPTL 2.28 
rlimit: STACK 8192k, CORE 0k, NPROC 31442, NOFILE 1048576, AS infinity
load average:1.20 1.01 0.80

/proc/meminfo:
MemTotal:        8088936 kB
MemFree:         4030776 kB
MemAvailable:    6241900 kB
Buffers:           96604 kB
Cached:          2376784 kB
SwapCached:            0 kB
Active:          1736152 kB
Inactive:        2029772 kB
Active(anon):    1293480 kB
Inactive(anon):   107100 kB
Active(file):     442672 kB
Inactive(file):  1922672 kB
Unevictable:          32 kB
Mlocked:              32 kB
SwapTotal:       8305660 kB
SwapFree:        8305660 kB
Dirty:               300 kB
Writeback:            68 kB
AnonPages:       1284564 kB
Mapped:           191448 kB
Shmem:            107952 kB
Slab:             194652 kB
SReclaimable:     137116 kB
SUnreclaim:        57536 kB
KernelStack:        6352 kB
PageTables:        11736 kB
NFS_Unstable:          0 kB
Bounce:                0 kB
WritebackTmp:          0 kB
CommitLimit:    12350128 kB
Committed_AS:    3039792 kB
VmallocTotal:   34359738367 kB
VmallocUsed:           0 kB
VmallocChunk:          0 kB
Percpu:             1440 kB
HardwareCorrupted:     0 kB
AnonHugePages:    722944 kB
ShmemHugePages:        0 kB
ShmemPmdMapped:        0 kB
HugePages_Total:       0
HugePages_Free:        0
HugePages_Rsvd:        0
HugePages_Surp:        0
Hugepagesize:       2048 kB
Hugetlb:               0 kB
DirectMap4k:      160572 kB
DirectMap2M:     5001216 kB
DirectMap1G:     4194304 kB

container (cgroup) information:
container_type: cgroupv1
cpu_cpuset_cpus: 0-3
cpu_memory_nodes: 0
active_processor_count: 4
cpu_quota: -1
cpu_period: 100000
cpu_shares: -1
memory_limit_in_bytes: -1
memory_and_swap_limit_in_bytes: -2
memory_soft_limit_in_bytes: -1
memory_usage_in_bytes: 3516399616
memory_max_usage_in_bytes: 3519676416


CPU:total 4 (initial active 4) (2 cores per cpu, 2 threads per core) family 6 model 61 stepping 4, cmov, cx8, fxsr, mmx, sse, sse2, sse3, ssse3, sse4.1, sse4.2, popcnt, avx, avx2, aes, clmul, erms, 3dnowpref, lzcnt, ht, tsc, tscinvbit, bmi1, bmi2, adx

/proc/cpuinfo:
processor	: 0
vendor_id	: GenuineIntel
cpu family	: 6
model		: 61
model name	: Intel(R) Core(TM) i5-5200U CPU @ 2.20GHz
stepping	: 4
microcode	: 0x1f
cpu MHz		: 2494.145
cache size	: 3072 KB
physical id	: 0
siblings	: 4
core id		: 0
cpu cores	: 2
apicid		: 0
initial apicid	: 0
fpu		: yes
fpu_exception	: yes
cpuid level	: 20
wp		: yes
flags		: fpu vme de pse tsc msr pae mce cx8 apic sep mtrr pge mca cmov pat pse36 clflush dts acpi mmx fxsr sse sse2 ss ht tm pbe syscall nx pdpe1gb rdtscp lm constant_tsc arch_perfmon pebs bts rep_good nopl xtopology nonstop_tsc cpuid aperfmperf pni pclmulqdq dtes64 monitor ds_cpl vmx est tm2 ssse3 sdbg fma cx16 xtpr pdcm pcid sse4_1 sse4_2 x2apic movbe popcnt aes xsave avx f16c rdrand lahf_lm abm 3dnowprefetch cpuid_fault epb invpcid_single pti tpr_shadow vnmi flexpriority ept vpid ept_ad fsgsbase tsc_adjust bmi1 avx2 smep bmi2 erms invpcid rdseed adx smap intel_pt xsaveopt dtherm ida arat pln pts
bugs		: cpu_meltdown spectre_v1 spectre_v2 spec_store_bypass l1tf mds swapgs itlb_multihit srbds
bogomips	: 4389.58
clflush size	: 64
cache_alignment	: 64
address sizes	: 39 bits physical, 48 bits virtual
power management:

processor	: 1
vendor_id	: GenuineIntel
cpu family	: 6
model		: 61
model name	: Intel(R) Core(TM) i5-5200U CPU @ 2.20GHz
stepping	: 4
microcode	: 0x1f
cpu MHz		: 2494.082
cache size	: 3072 KB
physical id	: 0
siblings	: 4
core id		: 1
cpu cores	: 2
apicid		: 2
initial apicid	: 2
fpu		: yes
fpu_exception	: yes
cpuid level	: 20
wp		: yes
flags		: fpu vme de pse tsc msr pae mce cx8 apic sep mtrr pge mca cmov pat pse36 clflush dts acpi mmx fxsr sse sse2 ss ht tm pbe syscall nx pdpe1gb rdtscp lm constant_tsc arch_perfmon pebs bts rep_good nopl xtopology nonstop_tsc cpuid aperfmperf pni pclmulqdq dtes64 monitor ds_cpl vmx est tm2 ssse3 sdbg fma cx16 xtpr pdcm pcid sse4_1 sse4_2 x2apic movbe popcnt aes xsave avx f16c rdrand lahf_lm abm 3dnowprefetch cpuid_fault epb invpcid_single pti tpr_shadow vnmi flexpriority ept vpid ept_ad fsgsbase tsc_adjust bmi1 avx2 smep bmi2 erms invpcid rdseed adx smap intel_pt xsaveopt dtherm ida arat pln pts
bugs		: cpu_meltdown spectre_v1 spectre_v2 spec_store_bypass l1tf mds swapgs itlb_multihit srbds
bogomips	: 4389.58
clflush size	: 64
cache_alignment	: 64
address sizes	: 39 bits physical, 48 bits virtual
power management:

processor	: 2
vendor_id	: GenuineIntel
cpu family	: 6
model		: 61
model name	: Intel(R) Core(TM) i5-5200U CPU @ 2.20GHz
stepping	: 4
microcode	: 0x1f
cpu MHz		: 2494.082
cache size	: 3072 KB
physical id	: 0
siblings	: 4
core id		: 0
cpu cores	: 2
apicid		: 1
initial apicid	: 1
fpu		: yes
fpu_exception	: yes
cpuid level	: 20
wp		: yes
flags		: fpu vme de pse tsc msr pae mce cx8 apic sep mtrr pge mca cmov pat pse36 clflush dts acpi mmx fxsr sse sse2 ss ht tm pbe syscall nx pdpe1gb rdtscp lm constant_tsc arch_perfmon pebs bts rep_good nopl xtopology nonstop_tsc cpuid aperfmperf pni pclmulqdq dtes64 monitor ds_cpl vmx est tm2 ssse3 sdbg fma cx16 xtpr pdcm pcid sse4_1 sse4_2 x2apic movbe popcnt aes xsave avx f16c rdrand lahf_lm abm 3dnowprefetch cpuid_fault epb invpcid_single pti tpr_shadow vnmi flexpriority ept vpid ept_ad fsgsbase tsc_adjust bmi1 avx2 smep bmi2 erms invpcid rdseed adx smap intel_pt xsaveopt dtherm ida arat pln pts
bugs		: cpu_meltdown spectre_v1 spectre_v2 spec_store_bypass l1tf mds swapgs itlb_multihit srbds
bogomips	: 4389.58
clflush size	: 64
cache_alignment	: 64
address sizes	: 39 bits physical, 48 bits virtual
power management:

processor	: 3
vendor_id	: GenuineIntel
cpu family	: 6
model		: 61
model name	: Intel(R) Core(TM) i5-5200U CPU @ 2.20GHz
stepping	: 4
microcode	: 0x1f
cpu MHz		: 2494.083
cache size	: 3072 KB
physical id	: 0
siblings	: 4
core id		: 1
cpu cores	: 2
apicid		: 3
initial apicid	: 3
fpu		: yes
fpu_exception	: yes
cpuid level	: 20
wp		: yes
flags		: fpu vme de pse tsc msr pae mce cx8 apic sep mtrr pge mca cmov pat pse36 clflush dts acpi mmx fxsr sse sse2 ss ht tm pbe syscall nx pdpe1gb rdtscp lm constant_tsc arch_perfmon pebs bts rep_good nopl xtopology nonstop_tsc cpuid aperfmperf pni pclmulqdq dtes64 monitor ds_cpl vmx est tm2 ssse3 sdbg fma cx16 xtpr pdcm pcid sse4_1 sse4_2 x2apic movbe popcnt aes xsave avx f16c rdrand lahf_lm abm 3dnowprefetch cpuid_fault epb invpcid_single pti tpr_shadow vnmi flexpriority ept vpid ept_ad fsgsbase tsc_adjust bmi1 avx2 smep bmi2 erms invpcid rdseed adx smap intel_pt xsaveopt dtherm ida arat pln pts
bugs		: cpu_meltdown spectre_v1 spectre_v2 spec_store_bypass l1tf mds swapgs itlb_multihit srbds
bogomips	: 4389.58
clflush size	: 64
cache_alignment	: 64
address sizes	: 39 bits physical, 48 bits virtual
power management:



Memory: 4k page, physical 8088936k(4030776k free), swap 8305660k(8305660k free)

vm_info: OpenJDK 64-Bit Server VM (25.242-b3-6222593) for linux-amd64 JRE (1.8.0_242-release-1644-b3-6222593), built by "android-build" with gcc 4.8

time: Thu Oct 15 18:30:23 2020
timezone: -03
elapsed time: 7 seconds (0d 0h 0m 7s)

